/Users/Igniz/Desktop/ICRAR/extended/SFR+Z.py:260: RuntimeWarning: divide by zero encountered in divide
  BD = HA6562_FLUX / HB4861_FLUX
/Users/Igniz/Desktop/ICRAR/extended/SFR+Z.py:353: RuntimeWarning: divide by zero encountered in divide
  N2 = NII_scaled / HB4861_FLUX_corr   # N2 = I([N II]λ6548 + λ6584)/I(Hβ)
/Users/Igniz/Desktop/ICRAR/extended/SFR+Z.py:354: RuntimeWarning: divide by zero encountered in divide
  S2 = (SII6716_FLUX_corr + SII6730_FLUX_corr) / HB4861_FLUX_corr  # S2 = I([S II]λ6717 + λ6731)/I(Hβ)
/Users/Igniz/Desktop/ICRAR/extended/SFR+Z.py:355: RuntimeWarning: divide by zero encountered in divide
  R3 = OIII_scaled / HB4861_FLUX_corr  # R3 = I([O III]λ4959 + λ5007)/I(Hβ) (same value as R2 in this case)
/Users/Igniz/Desktop/ICRAR/extended/SFR+Z.py:355: RuntimeWarning: invalid value encountered in divide
  R3 = OIII_scaled / HB4861_FLUX_corr  # R3 = I([O III]λ4959 + λ5007)/I(Hβ) (same value as R2 in this case)
/Users/Igniz/Desktop/ICRAR/extended/SFR+Z.py:357: RuntimeWarning: invalid value encountered in divide
  log_R3_S2 = np.log10(R3/S2)
/Users/Igniz/Desktop/ICRAR/extended/SFR+Z.py:357: RuntimeWarning: divide by zero encountered in log10
  log_R3_S2 = np.log10(R3/S2)
/Users/Igniz/Desktop/ICRAR/extended/SFR+Z.py:382: RuntimeWarning: invalid value encountered in add
  O_H_PG16[upper_mask] = (a1_upper + a2_upper * log_R3_S2[upper_mask] + a3_upper * log_N2[upper_mask] +
/Users/Igniz/Desktop/ICRAR/extended/SFR+Z.py:401: RuntimeWarning: divide by zero encountered in divide
  oiii_hb = oiii5006_flux / hb4861_flux
/Users/Igniz/Desktop/ICRAR/extended/SFR+Z.py:401: RuntimeWarning: invalid value encountered in divide
  oiii_hb = oiii5006_flux / hb4861_flux
/Users/Igniz/Desktop/ICRAR/extended/SFR+Z.py:403: RuntimeWarning: divide by zero encountered in log10
  o3n2_ratio = np.log10(oiii_hb / nii_ha)
/Users/Igniz/Desktop/ICRAR/extended/SFR+Z.py:446: RuntimeWarning: divide by zero encountered in divide
  oiii_hb = oiii5006_flux / hb4861_flux
/Users/Igniz/Desktop/ICRAR/extended/SFR+Z.py:446: RuntimeWarning: invalid value encountered in divide
  oiii_hb = oiii5006_flux / hb4861_flux
/Users/Igniz/Desktop/ICRAR/extended/SFR+Z.py:448: RuntimeWarning: divide by zero encountered in log10
  o3n2_ratio = np.log10(oiii_hb / nii_ha)
/Users/Igniz/Desktop/ICRAR/extended/SFR+Z.py:503: RuntimeWarning: divide by zero encountered in divide
  oiii_hb = oiii5006_flux / hb4861_flux
/Users/Igniz/Desktop/ICRAR/extended/SFR+Z.py:503: RuntimeWarning: invalid value encountered in divide
  oiii_hb = oiii5006_flux / hb4861_flux
/Users/Igniz/Desktop/ICRAR/extended/SFR+Z.py:505: RuntimeWarning: divide by zero encountered in log10
  o3n2_ratio = np.log10(oiii_hb / nii_ha)
/Users/Igniz/Desktop/ICRAR/extended/SFR+Z.py:594: RuntimeWarning: divide by zero encountered in divide
  oiii_hb = oiii5006_flux / hb4861_flux
/Users/Igniz/Desktop/ICRAR/extended/SFR+Z.py:594: RuntimeWarning: invalid value encountered in divide
  oiii_hb = oiii5006_flux / hb4861_flux
/Users/Igniz/Desktop/ICRAR/extended/SFR+Z.py:597: RuntimeWarning: divide by zero encountered in divide
  sii_hb = sii_total / hb4861_flux
/Users/Igniz/Desktop/ICRAR/extended/SFR+Z.py:600: RuntimeWarning: invalid value encountered in divide
  o3s2_ratio = np.log10(oiii_hb / sii_hb)
/Users/Igniz/Desktop/ICRAR/extended/SFR+Z.py:600: RuntimeWarning: divide by zero encountered in log10
  o3s2_ratio = np.log10(oiii_hb / sii_hb)
/Users/Igniz/Desktop/ICRAR/extended/SFR+Z.py:1415: RuntimeWarning: divide by zero encountered in divide
  logO3  = np.log10(OIII5006_FLUX_corr / HB4861_FLUX_corr)       # [O III]/Hβ
/Users/Igniz/Desktop/ICRAR/extended/SFR+Z.py:1415: RuntimeWarning: invalid value encountered in divide
  logO3  = np.log10(OIII5006_FLUX_corr / HB4861_FLUX_corr)       # [O III]/Hβ
/Users/Igniz/Desktop/ICRAR/extended/SFR+Z.py:1415: RuntimeWarning: divide by zero encountered in log10
  logO3  = np.log10(OIII5006_FLUX_corr / HB4861_FLUX_corr)       # [O III]/Hβ
/Users/Igniz/Desktop/ICRAR/extended/SFR+Z.py:1502: RuntimeWarning: invalid value encountered in subtract
  mask_N2_down, mask_S2_down = apply_bpt_masks(logN2=logN2, logS2=logS2, logO3=logO3-logO3_err)
/Users/Igniz/Desktop/ICRAR/extended/SFR+Z.py:1503: RuntimeWarning: invalid value encountered in add
  mask_N2_up, mask_S2_up = apply_bpt_masks(logN2=logN2, logS2=logS2, logO3=logO3+logO3_err)
Reading gas-line FITS ➜ IC3392_gas_BIN_maps.fits
File not found: IC3392_KIN_maps_extended.fits
Calculating all 6 C20 metallicities for IC3392...
Combined C20 metallicity: median = 8.575, range = (8.113, 8.892)
Combined C20 method usage: O3N2=9384, O3S2=0, RS32=49182, R3=0, N2=11330, S2=72
Inclination correction DISABLED: using cos_inclination = 1.0
Combined C20 total: Selected RS32-C20 with error 0.010
Available methods: [('O3N2-C20', np.float64(8.767149373607165), np.float64(0.019550534927614358)), ('O3S2-C20', np.float64(8.81748878162685), np.float64(0.020268365380024533)), ('RS32-C20', np.float64(8.796303192422453), np.float64(0.010395137130327954)), ('R3-C20', np.float64(8.778355558958527), np.float64(0.023770482609153563)), ('N2-C20', np.float64(8.670656730775027), np.float64(0.062268551699394006)), ('S2-C20', np.float64(8.405576940816797), np.float64(0.06618131660518776))]
Combined C20 total: Selected O3N2-C20 with error 0.000
Available methods: [('O3N2-C20', np.float64(8.737998683892823), np.float64(8.10254715820222e-06)), ('O3S2-C20', np.float64(8.785957922085933), np.float64(9.752785542909623e-06)), ('RS32-C20', np.float64(8.742210634761413), np.float64(1.0979008832236655e-05)), ('R3-C20', np.float64(8.723521174405336), np.float64(1.003693492828798e-05)), ('N2-C20', np.float64(8.719222133437977), np.float64(9.9521724131077e-06)), ('S2-C20', np.float64(8.450767631252676), np.float64(1.6640341445200032e-05))]
Extended file written ➜ /Users/Igniz/Desktop/ICRAR/extended/IC3392_gas_BIN_maps_extended.fits
--------------------------------------------------------------
Total non-nan spaxels: 73168
Number of pixels with Halpha not detected: 4221
Number of pixels with Halpha detected, Hbeta not detected: 46475
Number of pixels with Halpha detected, Hbeta detected, NII not detected, OIII not detected and unclassified: 0
Number of pixels with Halpha detected, Hbeta detected, NII not detected, OIII detected and unclassified: 0
Number of pixels with Halpha detected, Hbeta detected, NII detected, OIII not detected and unclassified: 222
Number of pixels with Halpha detected, Hbeta detected, NII detected, OIII detected and unclassified: 676
Number of pixels with Halpha detected, Hbeta detected, SII not detected, OIII not detected and unclassified: 187
Number of pixels with Halpha detected, Hbeta detected, SII not detected, OIII detected and unclassified: 235
Number of pixels with Halpha detected, Hbeta detected, SII detected, OIII not detected and unclassified: 35
Number of pixels with Halpha detected, Hbeta detected, SII detected, OIII detected and unclassified: 441
--------------------------------------------------------------
Total corrected Halpha luminosity: 3.44e+40 erg/s
Total corrected Halpha luminosity from SF region: 3.36e+40 erg/s
Total Halpha SFR: 0.17 M☉/yr or in log10 scale: -0.77 log(M☉/yr)
Total Halpha SFR from SF region: 0.17 M☉/yr or in log10 scale: -0.78 log(M☉/yr)
--------------------------------------------------------------
[O/H] D16 SF: Total metallicity in SF region:  8.793640905871856
[O/H] PG16 SF: Total metallicity in SF region:  8.545310985446513
[O/H] O3N2-M13 SF: Total metallicity in SF region:  8.554424815410329
[O/H] N2-M13 SF: Total metallicity in SF region:  8.503136959918079
[O/H] O3N2-PP04 SF: Total metallicity in SF region:  8.762037107155633
[O/H] N2-PP04 SF: Total metallicity in SF region:  8.610908892818957
[O/H] O3N2-C20 SF: Total metallicity in SF region:  8.767149373607165
[O/H] O3S2-C20 SF: Total metallicity in SF region:  8.81748878162685
[O/H] RS32-C20 SF: Total metallicity in SF region:  8.796303192422453
[O/H] R3-C20 SF: Total metallicity in SF region:  8.778355558958527
[O/H] N2-C20 SF: Total metallicity in SF region:  8.670656730775027
[O/H] S2-C20 SF: Total metallicity in SF region:  8.405576940816797
[O/H] Combined-C20 SF: Total metallicity in SF region:  8.796303192422453
--------------------------------------------------------------
[O/H] D16: Total metallicity in total region:  8.819391838352198
[O/H] PG16: Total metallicity in total region:  8.56982485595756
[O/H] O3N2-M13: Total metallicity in total region:  8.522928927638766
[O/H] N2-M13: Total metallicity in total region:  8.536438863062644
[O/H] O3N2-PP04: Total metallicity in total region:  8.71494045254395
[O/H] N2-PP04: Total metallicity in total region:  8.685656910197839
[O/H] O3N2-C20: Total metallicity in total region:  8.737998683892823
[O/H] O3S2-C20: Total metallicity in total region:  8.785957922085933
[O/H] RS32-C20: Total metallicity in total region:  8.742210634761413
[O/H] R3-C20: Total metallicity in total region:  8.723521174405336
[O/H] N2-C20: Total metallicity in total region:  8.719222133437977
[O/H] S2-C20: Total metallicity in total region:  8.450767631252676
[O/H] Combined-C20: Total metallicity in total region:  8.737998683892823
--------------------------------------------------------------
Total runtime: 34.3 s
✅  IC3392 finished in 0m39s
