Reading gas-line FITS ➜ NGC4064_gas_BIN_maps.fits
Loading kinematic map from NGC4064_KIN_maps_extended.fits
Filename: NGC4064_KIN_maps_extended.fits
No.    Name      Ver    Type      Cards   Dimensions   Format
  0  PRIMARY       1 PrimaryHDU       4   ()      
  1  V             1 ImageHDU        26   (566, 665)   float64   
  2  SIGMA         1 ImageHDU        26   (566, 665)   float64   
  3  H3            1 ImageHDU        26   (566, 665)   float64   
  4  H4            1 ImageHDU        26   (566, 665)   float64   
  5  FORM_ERR_V    1 ImageHDU        26   (566, 665)   float64   
  6  FORM_ERR_SIGMA    1 ImageHDU        26   (566, 665)   float64   
  7  FORM_ERR_H3    1 ImageHDU        26   (566, 665)   float64   
  8  FORM_ERR_H4    1 ImageHDU        26   (566, 665)   float64   
  9  SNR_POSTFIT    1 ImageHDU        26   (566, 665)   float64   
 10  FOREGROUND_STAR    1 ImageHDU        26   (566, 665)   float32   
/Users/Igniz/Desktop/ICRAR/extended/SFR+Z.py:260: RuntimeWarning: divide by zero encountered in divide
  BD = HA6562_FLUX / HB4861_FLUX
/Users/Igniz/Desktop/ICRAR/extended/SFR+Z.py:260: RuntimeWarning: invalid value encountered in divide
  BD = HA6562_FLUX / HB4861_FLUX
/Users/Igniz/Desktop/ICRAR/extended/SFR+Z.py:342: RuntimeWarning: divide by zero encountered in divide
  y = np.log10(NII6583_FLUX_corr / (SII6716_FLUX_corr + SII6730_FLUX_corr)) + 0.264*np.log10(NII6583_FLUX_corr / HA6562_FLUX_corr)
/Users/Igniz/Desktop/ICRAR/extended/SFR+Z.py:353: RuntimeWarning: divide by zero encountered in divide
  N2 = NII_scaled / HB4861_FLUX_corr   # N2 = I([N II]λ6548 + λ6584)/I(Hβ)
/Users/Igniz/Desktop/ICRAR/extended/SFR+Z.py:354: RuntimeWarning: divide by zero encountered in divide
  S2 = (SII6716_FLUX_corr + SII6730_FLUX_corr) / HB4861_FLUX_corr  # S2 = I([S II]λ6717 + λ6731)/I(Hβ)
/Users/Igniz/Desktop/ICRAR/extended/SFR+Z.py:355: RuntimeWarning: divide by zero encountered in divide
  R3 = OIII_scaled / HB4861_FLUX_corr  # R3 = I([O III]λ4959 + λ5007)/I(Hβ) (same value as R2 in this case)
/Users/Igniz/Desktop/ICRAR/extended/SFR+Z.py:355: RuntimeWarning: invalid value encountered in divide
  R3 = OIII_scaled / HB4861_FLUX_corr  # R3 = I([O III]λ4959 + λ5007)/I(Hβ) (same value as R2 in this case)
/Users/Igniz/Desktop/ICRAR/extended/SFR+Z.py:357: RuntimeWarning: divide by zero encountered in divide
  log_R3_S2 = np.log10(R3/S2)
/Users/Igniz/Desktop/ICRAR/extended/SFR+Z.py:357: RuntimeWarning: invalid value encountered in divide
  log_R3_S2 = np.log10(R3/S2)
/Users/Igniz/Desktop/ICRAR/extended/SFR+Z.py:357: RuntimeWarning: divide by zero encountered in log10
  log_R3_S2 = np.log10(R3/S2)
/Users/Igniz/Desktop/ICRAR/extended/SFR+Z.py:359: RuntimeWarning: divide by zero encountered in log10
  log_S2 = np.log10(S2)
/Users/Igniz/Desktop/ICRAR/extended/SFR+Z.py:382: RuntimeWarning: invalid value encountered in add
  O_H_PG16[upper_mask] = (a1_upper + a2_upper * log_R3_S2[upper_mask] + a3_upper * log_N2[upper_mask] +
/Users/Igniz/Desktop/ICRAR/extended/SFR+Z.py:401: RuntimeWarning: divide by zero encountered in divide
  oiii_hb = oiii5006_flux / hb4861_flux
/Users/Igniz/Desktop/ICRAR/extended/SFR+Z.py:401: RuntimeWarning: invalid value encountered in divide
  oiii_hb = oiii5006_flux / hb4861_flux
/Users/Igniz/Desktop/ICRAR/extended/SFR+Z.py:402: RuntimeWarning: divide by zero encountered in divide
  nii_ha = nii6583_flux / ha6562_flux
/Users/Igniz/Desktop/ICRAR/extended/SFR+Z.py:403: RuntimeWarning: invalid value encountered in divide
  o3n2_ratio = np.log10(oiii_hb / nii_ha)
/Users/Igniz/Desktop/ICRAR/extended/SFR+Z.py:403: RuntimeWarning: divide by zero encountered in log10
  o3n2_ratio = np.log10(oiii_hb / nii_ha)
/Users/Igniz/Desktop/ICRAR/extended/SFR+Z.py:424: RuntimeWarning: divide by zero encountered in divide
  n2_ratio = np.log10(nii6583_flux / ha6562_flux)
/Users/Igniz/Desktop/ICRAR/extended/SFR+Z.py:446: RuntimeWarning: divide by zero encountered in divide
  oiii_hb = oiii5006_flux / hb4861_flux
/Users/Igniz/Desktop/ICRAR/extended/SFR+Z.py:446: RuntimeWarning: invalid value encountered in divide
  oiii_hb = oiii5006_flux / hb4861_flux
/Users/Igniz/Desktop/ICRAR/extended/SFR+Z.py:447: RuntimeWarning: divide by zero encountered in divide
  nii_ha = nii6583_flux / ha6562_flux
/Users/Igniz/Desktop/ICRAR/extended/SFR+Z.py:448: RuntimeWarning: invalid value encountered in divide
  o3n2_ratio = np.log10(oiii_hb / nii_ha)
/Users/Igniz/Desktop/ICRAR/extended/SFR+Z.py:448: RuntimeWarning: divide by zero encountered in log10
  o3n2_ratio = np.log10(oiii_hb / nii_ha)
/Users/Igniz/Desktop/ICRAR/extended/SFR+Z.py:469: RuntimeWarning: divide by zero encountered in divide
  n2_ratio = np.log10(nii6583_flux / ha6562_flux)
/Users/Igniz/Desktop/ICRAR/extended/SFR+Z.py:503: RuntimeWarning: divide by zero encountered in divide
  oiii_hb = oiii5006_flux / hb4861_flux
/Users/Igniz/Desktop/ICRAR/extended/SFR+Z.py:503: RuntimeWarning: invalid value encountered in divide
  oiii_hb = oiii5006_flux / hb4861_flux
/Users/Igniz/Desktop/ICRAR/extended/SFR+Z.py:504: RuntimeWarning: divide by zero encountered in divide
  nii_ha = nii6583_flux / ha6562_flux
/Users/Igniz/Desktop/ICRAR/extended/SFR+Z.py:505: RuntimeWarning: invalid value encountered in divide
  o3n2_ratio = np.log10(oiii_hb / nii_ha)
/Users/Igniz/Desktop/ICRAR/extended/SFR+Z.py:505: RuntimeWarning: divide by zero encountered in log10
  o3n2_ratio = np.log10(oiii_hb / nii_ha)
/Users/Igniz/Desktop/ICRAR/extended/SFR+Z.py:594: RuntimeWarning: divide by zero encountered in divide
  oiii_hb = oiii5006_flux / hb4861_flux
/Users/Igniz/Desktop/ICRAR/extended/SFR+Z.py:594: RuntimeWarning: invalid value encountered in divide
  oiii_hb = oiii5006_flux / hb4861_flux
/Users/Igniz/Desktop/ICRAR/extended/SFR+Z.py:597: RuntimeWarning: divide by zero encountered in divide
  sii_hb = sii_total / hb4861_flux
/Users/Igniz/Desktop/ICRAR/extended/SFR+Z.py:600: RuntimeWarning: divide by zero encountered in divide
  o3s2_ratio = np.log10(oiii_hb / sii_hb)
/Users/Igniz/Desktop/ICRAR/extended/SFR+Z.py:600: RuntimeWarning: invalid value encountered in divide
  o3s2_ratio = np.log10(oiii_hb / sii_hb)
/Users/Igniz/Desktop/ICRAR/extended/SFR+Z.py:600: RuntimeWarning: divide by zero encountered in log10
  o3s2_ratio = np.log10(oiii_hb / sii_hb)
/Users/Igniz/Desktop/ICRAR/extended/SFR+Z.py:1413: RuntimeWarning: divide by zero encountered in divide
  logN2  = np.log10(NII6583_FLUX_corr / HA6562_FLUX_corr)        # [N II]/Hα
/Users/Igniz/Desktop/ICRAR/extended/SFR+Z.py:1414: RuntimeWarning: divide by zero encountered in divide
  logS2  = np.log10((SII6716_FLUX_corr+SII6730_FLUX_corr) / HA6562_FLUX_corr)   # Σ[S II]/Hα
/Users/Igniz/Desktop/ICRAR/extended/SFR+Z.py:1414: RuntimeWarning: divide by zero encountered in log10
  logS2  = np.log10((SII6716_FLUX_corr+SII6730_FLUX_corr) / HA6562_FLUX_corr)   # Σ[S II]/Hα
/Users/Igniz/Desktop/ICRAR/extended/SFR+Z.py:1415: RuntimeWarning: divide by zero encountered in divide
  logO3  = np.log10(OIII5006_FLUX_corr / HB4861_FLUX_corr)       # [O III]/Hβ
/Users/Igniz/Desktop/ICRAR/extended/SFR+Z.py:1415: RuntimeWarning: invalid value encountered in divide
  logO3  = np.log10(OIII5006_FLUX_corr / HB4861_FLUX_corr)       # [O III]/Hβ
/Users/Igniz/Desktop/ICRAR/extended/SFR+Z.py:1415: RuntimeWarning: divide by zero encountered in log10
  logO3  = np.log10(OIII5006_FLUX_corr / HB4861_FLUX_corr)       # [O III]/Hβ
/Users/Igniz/Desktop/ICRAR/extended/SFR+Z.py:1500: RuntimeWarning: invalid value encountered in subtract
  mask_N2_left, mask_S2_left = apply_bpt_masks(logN2=logN2-logN2_err, logS2=logS2-logS2_err, logO3=logO3)
/Users/Igniz/Desktop/ICRAR/extended/SFR+Z.py:1501: RuntimeWarning: invalid value encountered in add
  mask_N2_right, mask_S2_right = apply_bpt_masks(logN2=logN2+logN2_err, logS2=logS2+logS2_err, logO3=logO3)
/Users/Igniz/Desktop/ICRAR/extended/SFR+Z.py:1502: RuntimeWarning: invalid value encountered in subtract
  mask_N2_down, mask_S2_down = apply_bpt_masks(logN2=logN2, logS2=logS2, logO3=logO3-logO3_err)
/Users/Igniz/Desktop/ICRAR/extended/SFR+Z.py:1503: RuntimeWarning: invalid value encountered in add
  mask_N2_up, mask_S2_up = apply_bpt_masks(logN2=logN2, logS2=logS2, logO3=logO3+logO3_err)
Available extensions: ['V', 'SIGMA', 'H3', 'H4', 'FORM_ERR_V', 'FORM_ERR_SIGMA', 'FORM_ERR_H3', 'FORM_ERR_H4', 'SNR_POSTFIT', 'FOREGROUND_STAR']
Loaded V: shape (665, 566)
Loaded SIGMA: shape (665, 566)
Loaded H3: shape (665, 566)
Loaded H4: shape (665, 566)
Loaded FORM_ERR_V: shape (665, 566)
Loaded FORM_ERR_SIGMA: shape (665, 566)
Loaded FORM_ERR_H3: shape (665, 566)
Loaded FORM_ERR_H4: shape (665, 566)
Loaded SNR_POSTFIT: shape (665, 566)
Loaded FOREGROUND_STAR: shape (665, 566)
All data loaded successfully!
Foreground stars are removed successfully!
Calculating all 6 C20 metallicities for NGC4064...
Combined C20 metallicity: median = 8.505, range = (8.111, 8.952)
Combined C20 method usage: O3N2=9560, O3S2=0, RS32=140003, R3=251, N2=2666, S2=360
Inclination correction DISABLED: using cos_inclination = 1.0
Combined C20 total: Selected RS32-C20 with error 0.010
Available methods: [('O3N2-C20', np.float64(8.794766583129213), np.float64(0.019083163817176122)), ('O3S2-C20', np.float64(8.858117757970293), np.float64(0.019475859088243123)), ('RS32-C20', np.float64(8.804808881980893), np.float64(0.010398282314973063)), ('R3-C20', np.float64(8.80903506441552), np.float64(0.022491690873074136)), ('N2-C20', np.float64(8.677111000765033), np.float64(0.06344277373949196)), ('S2-C20', np.float64(8.454959656647775), np.float64(0.07190696019134057))]
Combined C20 total: Selected O3N2-C20 with error 0.000
Available methods: [('O3N2-C20', np.float64(8.74138091289995), np.float64(7.188839782716055e-06)), ('O3S2-C20', np.float64(8.80162679741711), np.float64(8.335213588691251e-06)), ('RS32-C20', np.float64(8.72438906415955), np.float64(8.708322713415873e-06)), ('R3-C20', np.float64(8.718713571116051), np.float64(8.640985871648046e-06)), ('N2-C20', np.float64(8.74699571735291), np.float64(1.3168508445836601e-05)), ('S2-C20', np.float64(8.524864406110353), np.float64(1.9095738413871565e-05))]
Extended file written ➜ /Users/Igniz/Desktop/ICRAR/extended/NGC4064_gas_BIN_maps_extended.fits
--------------------------------------------------------------
Total non-nan spaxels: 155525
Number of pixels with Halpha not detected: 59365
Number of pixels with Halpha detected, Hbeta not detected: 61049
Number of pixels with Halpha detected, Hbeta detected, NII not detected, OIII not detected and unclassified: 105
Number of pixels with Halpha detected, Hbeta detected, NII not detected, OIII detected and unclassified: 0
Number of pixels with Halpha detected, Hbeta detected, NII detected, OIII not detected and unclassified: 677
Number of pixels with Halpha detected, Hbeta detected, NII detected, OIII detected and unclassified: 3025
Number of pixels with Halpha detected, Hbeta detected, SII not detected, OIII not detected and unclassified: 442
Number of pixels with Halpha detected, Hbeta detected, SII not detected, OIII detected and unclassified: 643
Number of pixels with Halpha detected, Hbeta detected, SII detected, OIII not detected and unclassified: 340
Number of pixels with Halpha detected, Hbeta detected, SII detected, OIII detected and unclassified: 2382
--------------------------------------------------------------
Total corrected Halpha luminosity: 7.70e+40 erg/s
Total corrected Halpha luminosity from SF region: 7.38e+40 erg/s
Total Halpha SFR: 0.38 M☉/yr or in log10 scale: -0.42 log(M☉/yr)
Total Halpha SFR from SF region: 0.37 M☉/yr or in log10 scale: -0.43 log(M☉/yr)
--------------------------------------------------------------
[O/H] D16 SF: Total metallicity in SF region:  8.733704108589862
[O/H] PG16 SF: Total metallicity in SF region:  8.525328730244931
[O/H] O3N2-M13 SF: Total metallicity in SF region:  8.58502477396387
[O/H] N2-M13 SF: Total metallicity in SF region:  8.507881691270857
[O/H] O3N2-PP04 SF: Total metallicity in SF region:  8.807794054525415
[O/H] N2-PP04 SF: Total metallicity in SF region:  8.621058523851836
[O/H] O3N2-C20 SF: Total metallicity in SF region:  8.794766583129213
[O/H] O3S2-C20 SF: Total metallicity in SF region:  8.858117757970293
[O/H] RS32-C20 SF: Total metallicity in SF region:  8.804808881980893
[O/H] R3-C20 SF: Total metallicity in SF region:  8.80903506441552
[O/H] N2-C20 SF: Total metallicity in SF region:  8.677111000765033
[O/H] S2-C20 SF: Total metallicity in SF region:  8.454959656647775
[O/H] Combined-C20 SF: Total metallicity in SF region:  8.804808881980893
--------------------------------------------------------------
[O/H] D16: Total metallicity in total region:  8.768848567003959
[O/H] PG16: Total metallicity in total region:  8.56538192520739
[O/H] O3N2-M13: Total metallicity in total region:  8.52654095910464
[O/H] N2-M13: Total metallicity in total region:  8.552622533018436
[O/H] O3N2-PP04: Total metallicity in total region:  8.72034162109105
[O/H] N2-PP04: Total metallicity in total region:  8.72505474882256
[O/H] O3N2-C20: Total metallicity in total region:  8.74138091289995
[O/H] O3S2-C20: Total metallicity in total region:  8.80162679741711
[O/H] RS32-C20: Total metallicity in total region:  8.72438906415955
[O/H] R3-C20: Total metallicity in total region:  8.718713571116051
[O/H] N2-C20: Total metallicity in total region:  8.74699571735291
[O/H] S2-C20: Total metallicity in total region:  8.524864406110353
[O/H] Combined-C20: Total metallicity in total region:  8.74138091289995
--------------------------------------------------------------
Total runtime: 77.6 s
✅  NGC4064 finished in 1m22s
