/Users/Igniz/Desktop/ICRAR/extended/SFR+Z.py:260: RuntimeWarning: divide by zero encountered in divide
  BD = HA6562_FLUX / HB4861_FLUX
/Users/Igniz/Desktop/ICRAR/extended/SFR+Z.py:260: RuntimeWarning: invalid value encountered in divide
  BD = HA6562_FLUX / HB4861_FLUX
/Users/Igniz/Desktop/ICRAR/extended/SFR+Z.py:342: RuntimeWarning: divide by zero encountered in divide
  y = np.log10(NII6583_FLUX_corr / (SII6716_FLUX_corr + SII6730_FLUX_corr)) + 0.264*np.log10(NII6583_FLUX_corr / HA6562_FLUX_corr)
/Users/Igniz/Desktop/ICRAR/extended/SFR+Z.py:353: RuntimeWarning: divide by zero encountered in divide
  N2 = NII_scaled / HB4861_FLUX_corr   # N2 = I([N II]λ6548 + λ6584)/I(Hβ)
/Users/Igniz/Desktop/ICRAR/extended/SFR+Z.py:354: RuntimeWarning: divide by zero encountered in divide
  S2 = (SII6716_FLUX_corr + SII6730_FLUX_corr) / HB4861_FLUX_corr  # S2 = I([S II]λ6717 + λ6731)/I(Hβ)
/Users/Igniz/Desktop/ICRAR/extended/SFR+Z.py:354: RuntimeWarning: invalid value encountered in divide
  S2 = (SII6716_FLUX_corr + SII6730_FLUX_corr) / HB4861_FLUX_corr  # S2 = I([S II]λ6717 + λ6731)/I(Hβ)
/Users/Igniz/Desktop/ICRAR/extended/SFR+Z.py:355: RuntimeWarning: divide by zero encountered in divide
  R3 = OIII_scaled / HB4861_FLUX_corr  # R3 = I([O III]λ4959 + λ5007)/I(Hβ) (same value as R2 in this case)
/Users/Igniz/Desktop/ICRAR/extended/SFR+Z.py:357: RuntimeWarning: divide by zero encountered in divide
  log_R3_S2 = np.log10(R3/S2)
/Users/Igniz/Desktop/ICRAR/extended/SFR+Z.py:357: RuntimeWarning: invalid value encountered in divide
  log_R3_S2 = np.log10(R3/S2)
/Users/Igniz/Desktop/ICRAR/extended/SFR+Z.py:357: RuntimeWarning: divide by zero encountered in log10
  log_R3_S2 = np.log10(R3/S2)
/Users/Igniz/Desktop/ICRAR/extended/SFR+Z.py:359: RuntimeWarning: divide by zero encountered in log10
  log_S2 = np.log10(S2)
/Users/Igniz/Desktop/ICRAR/extended/SFR+Z.py:382: RuntimeWarning: invalid value encountered in add
  O_H_PG16[upper_mask] = (a1_upper + a2_upper * log_R3_S2[upper_mask] + a3_upper * log_N2[upper_mask] +
/Users/Igniz/Desktop/ICRAR/extended/SFR+Z.py:401: RuntimeWarning: divide by zero encountered in divide
  oiii_hb = oiii5006_flux / hb4861_flux
/Users/Igniz/Desktop/ICRAR/extended/SFR+Z.py:402: RuntimeWarning: divide by zero encountered in divide
  nii_ha = nii6583_flux / ha6562_flux
/Users/Igniz/Desktop/ICRAR/extended/SFR+Z.py:403: RuntimeWarning: invalid value encountered in divide
  o3n2_ratio = np.log10(oiii_hb / nii_ha)
/Users/Igniz/Desktop/ICRAR/extended/SFR+Z.py:403: RuntimeWarning: divide by zero encountered in log10
  o3n2_ratio = np.log10(oiii_hb / nii_ha)
/Users/Igniz/Desktop/ICRAR/extended/SFR+Z.py:424: RuntimeWarning: divide by zero encountered in divide
  n2_ratio = np.log10(nii6583_flux / ha6562_flux)
/Users/Igniz/Desktop/ICRAR/extended/SFR+Z.py:446: RuntimeWarning: divide by zero encountered in divide
  oiii_hb = oiii5006_flux / hb4861_flux
/Users/Igniz/Desktop/ICRAR/extended/SFR+Z.py:447: RuntimeWarning: divide by zero encountered in divide
  nii_ha = nii6583_flux / ha6562_flux
/Users/Igniz/Desktop/ICRAR/extended/SFR+Z.py:448: RuntimeWarning: invalid value encountered in divide
  o3n2_ratio = np.log10(oiii_hb / nii_ha)
/Users/Igniz/Desktop/ICRAR/extended/SFR+Z.py:448: RuntimeWarning: divide by zero encountered in log10
  o3n2_ratio = np.log10(oiii_hb / nii_ha)
/Users/Igniz/Desktop/ICRAR/extended/SFR+Z.py:469: RuntimeWarning: divide by zero encountered in divide
  n2_ratio = np.log10(nii6583_flux / ha6562_flux)
/Users/Igniz/Desktop/ICRAR/extended/SFR+Z.py:503: RuntimeWarning: divide by zero encountered in divide
  oiii_hb = oiii5006_flux / hb4861_flux
/Users/Igniz/Desktop/ICRAR/extended/SFR+Z.py:504: RuntimeWarning: divide by zero encountered in divide
  nii_ha = nii6583_flux / ha6562_flux
/Users/Igniz/Desktop/ICRAR/extended/SFR+Z.py:505: RuntimeWarning: invalid value encountered in divide
  o3n2_ratio = np.log10(oiii_hb / nii_ha)
/Users/Igniz/Desktop/ICRAR/extended/SFR+Z.py:505: RuntimeWarning: divide by zero encountered in log10
  o3n2_ratio = np.log10(oiii_hb / nii_ha)
/Users/Igniz/Desktop/ICRAR/extended/SFR+Z.py:594: RuntimeWarning: divide by zero encountered in divide
  oiii_hb = oiii5006_flux / hb4861_flux
/Users/Igniz/Desktop/ICRAR/extended/SFR+Z.py:597: RuntimeWarning: divide by zero encountered in divide
  sii_hb = sii_total / hb4861_flux
/Users/Igniz/Desktop/ICRAR/extended/SFR+Z.py:597: RuntimeWarning: invalid value encountered in divide
  sii_hb = sii_total / hb4861_flux
/Users/Igniz/Desktop/ICRAR/extended/SFR+Z.py:600: RuntimeWarning: divide by zero encountered in divide
  o3s2_ratio = np.log10(oiii_hb / sii_hb)
/Users/Igniz/Desktop/ICRAR/extended/SFR+Z.py:600: RuntimeWarning: invalid value encountered in divide
  o3s2_ratio = np.log10(oiii_hb / sii_hb)
/Users/Igniz/Desktop/ICRAR/extended/SFR+Z.py:600: RuntimeWarning: divide by zero encountered in log10
  o3s2_ratio = np.log10(oiii_hb / sii_hb)
/Users/Igniz/Desktop/ICRAR/extended/SFR+Z.py:1413: RuntimeWarning: divide by zero encountered in divide
  logN2  = np.log10(NII6583_FLUX_corr / HA6562_FLUX_corr)        # [N II]/Hα
/Users/Igniz/Desktop/ICRAR/extended/SFR+Z.py:1414: RuntimeWarning: divide by zero encountered in divide
  logS2  = np.log10((SII6716_FLUX_corr+SII6730_FLUX_corr) / HA6562_FLUX_corr)   # Σ[S II]/Hα
/Users/Igniz/Desktop/ICRAR/extended/SFR+Z.py:1414: RuntimeWarning: divide by zero encountered in log10
  logS2  = np.log10((SII6716_FLUX_corr+SII6730_FLUX_corr) / HA6562_FLUX_corr)   # Σ[S II]/Hα
/Users/Igniz/Desktop/ICRAR/extended/SFR+Z.py:1415: RuntimeWarning: divide by zero encountered in divide
  logO3  = np.log10(OIII5006_FLUX_corr / HB4861_FLUX_corr)       # [O III]/Hβ
/Users/Igniz/Desktop/ICRAR/extended/SFR+Z.py:1415: RuntimeWarning: divide by zero encountered in log10
  logO3  = np.log10(OIII5006_FLUX_corr / HB4861_FLUX_corr)       # [O III]/Hβ
/Users/Igniz/Desktop/ICRAR/extended/SFR+Z.py:1500: RuntimeWarning: invalid value encountered in subtract
  mask_N2_left, mask_S2_left = apply_bpt_masks(logN2=logN2-logN2_err, logS2=logS2-logS2_err, logO3=logO3)
/Users/Igniz/Desktop/ICRAR/extended/SFR+Z.py:1501: RuntimeWarning: invalid value encountered in add
  mask_N2_right, mask_S2_right = apply_bpt_masks(logN2=logN2+logN2_err, logS2=logS2+logS2_err, logO3=logO3)
/Users/Igniz/Desktop/ICRAR/extended/SFR+Z.py:1502: RuntimeWarning: invalid value encountered in subtract
  mask_N2_down, mask_S2_down = apply_bpt_masks(logN2=logN2, logS2=logS2, logO3=logO3-logO3_err)
/Users/Igniz/Desktop/ICRAR/extended/SFR+Z.py:1503: RuntimeWarning: invalid value encountered in add
  mask_N2_up, mask_S2_up = apply_bpt_masks(logN2=logN2, logS2=logS2, logO3=logO3+logO3_err)
Reading gas-line FITS ➜ NGC4698_gas_BIN_maps.fits
File not found: NGC4698_KIN_maps_extended.fits
Calculating all 6 C20 metallicities for NGC4698...
Combined C20 metallicity: median = 8.500, range = (8.107, 8.988)
Combined C20 method usage: O3N2=18527, O3S2=1, RS32=259214, R3=467, N2=3093, S2=86
Inclination correction DISABLED: using cos_inclination = 1.0
Combined C20 total: Selected RS32-C20 with error 0.012
Available methods: [('O3N2-C20', np.float64(8.742084905810318), np.float64(0.019994972732966)), ('O3S2-C20', np.float64(8.782038344575017), np.float64(0.02102251694373629)), ('RS32-C20', np.float64(8.710324272953205), np.float64(0.012055402476410381)), ('R3-C20', np.float64(8.69936474121734), np.float64(0.027650637636518673)), ('N2-C20', np.float64(8.844986785345084), np.float64(0.3364679869606531)), ('S2-C20', np.float64(8.512356914679234), np.float64(0.08633029108728899))]
Combined C20 total: Selected RS32-C20 with error 0.000
Available methods: [('O3N2-C20', np.float64(8.681204324902758), np.float64(3.654741713911252e-05)), ('O3S2-C20', np.float64(8.738473819932786), np.float64(5.047852855020969e-05)), ('RS32-C20', np.float64(8.470548349592773), np.float64(1.8952998746225328e-05)), ('R3-C20', np.float64(8.500493869404519), np.float64(6.899123707587429e-05))]
Extended file written ➜ /Users/Igniz/Desktop/ICRAR/extended/NGC4698_gas_BIN_maps_extended.fits
--------------------------------------------------------------
Total non-nan spaxels: 283391
Number of pixels with Halpha not detected: 40949
Number of pixels with Halpha detected, Hbeta not detected: 132446
Number of pixels with Halpha detected, Hbeta detected, NII not detected, OIII not detected and unclassified: 0
Number of pixels with Halpha detected, Hbeta detected, NII not detected, OIII detected and unclassified: 9
Number of pixels with Halpha detected, Hbeta detected, NII detected, OIII not detected and unclassified: 307
Number of pixels with Halpha detected, Hbeta detected, NII detected, OIII detected and unclassified: 5558
Number of pixels with Halpha detected, Hbeta detected, SII not detected, OIII not detected and unclassified: 259
Number of pixels with Halpha detected, Hbeta detected, SII not detected, OIII detected and unclassified: 3455
Number of pixels with Halpha detected, Hbeta detected, SII detected, OIII not detected and unclassified: 48
Number of pixels with Halpha detected, Hbeta detected, SII detected, OIII detected and unclassified: 2112
--------------------------------------------------------------
Total corrected Halpha luminosity: 1.28e+40 erg/s
Total corrected Halpha luminosity from SF region: 4.48e+39 erg/s
Total Halpha SFR: 0.06 M☉/yr or in log10 scale: -1.20 log(M☉/yr)
Total Halpha SFR from SF region: 0.02 M☉/yr or in log10 scale: -1.65 log(M☉/yr)
--------------------------------------------------------------
[O/H] D16 SF: Total metallicity in SF region:  8.881495744072229
[O/H] PG16 SF: Total metallicity in SF region:  8.62034726818295
[O/H] O3N2-M13 SF: Total metallicity in SF region:  8.527294180368045
[O/H] N2-M13 SF: Total metallicity in SF region:  8.58720709454025
[O/H] O3N2-PP04 SF: Total metallicity in SF region:  8.721467933260628
[O/H] N2-PP04 SF: Total metallicity in SF region:  8.81646358312297
[O/H] O3N2-C20 SF: Total metallicity in SF region:  8.742084905810318
[O/H] O3S2-C20 SF: Total metallicity in SF region:  8.782038344575017
[O/H] RS32-C20 SF: Total metallicity in SF region:  8.710324272953205
[O/H] R3-C20 SF: Total metallicity in SF region:  8.69936474121734
[O/H] N2-C20 SF: Total metallicity in SF region:  8.844986785345084
[O/H] S2-C20 SF: Total metallicity in SF region:  8.512356914679234
[O/H] Combined-C20 SF: Total metallicity in SF region:  8.710324272953205
--------------------------------------------------------------
[O/H] D16: Total metallicity in total region:  8.872015653635854
[O/H] PG16: Total metallicity in total region:  8.81041358667345
[O/H] O3N2-M13: Total metallicity in total region:  8.463934510870386
[O/H] N2-M13: Total metallicity in total region:  8.72011427361893
[O/H] O3N2-PP04: Total metallicity in total region:  8.626724502236092
[O/H] N2-PP04: Total metallicity in total region:  9.272494440886259
[O/H] O3N2-C20: Total metallicity in total region:  8.681204324902758
[O/H] O3S2-C20: Total metallicity in total region:  8.738473819932786
[O/H] RS32-C20: Total metallicity in total region:  8.470548349592773
[O/H] R3-C20: Total metallicity in total region:  8.500493869404519
[O/H] N2-C20: Total metallicity in total region:  nan
[O/H] S2-C20: Total metallicity in total region:  nan
[O/H] Combined-C20: Total metallicity in total region:  8.470548349592773
--------------------------------------------------------------
Total runtime: 80.5 s
✅  NGC4698 finished in 1m26s
