/Users/Igniz/Desktop/ICRAR/extended/SFR+Z.py:260: RuntimeWarning: divide by zero encountered in divide
  BD = HA6562_FLUX / HB4861_FLUX
/Users/Igniz/Desktop/ICRAR/extended/SFR+Z.py:342: RuntimeWarning: divide by zero encountered in divide
  y = np.log10(NII6583_FLUX_corr / (SII6716_FLUX_corr + SII6730_FLUX_corr)) + 0.264*np.log10(NII6583_FLUX_corr / HA6562_FLUX_corr)
/Users/Igniz/Desktop/ICRAR/extended/SFR+Z.py:353: RuntimeWarning: divide by zero encountered in divide
  N2 = NII_scaled / HB4861_FLUX_corr   # N2 = I([N II]λ6548 + λ6584)/I(Hβ)
/Users/Igniz/Desktop/ICRAR/extended/SFR+Z.py:354: RuntimeWarning: divide by zero encountered in divide
  S2 = (SII6716_FLUX_corr + SII6730_FLUX_corr) / HB4861_FLUX_corr  # S2 = I([S II]λ6717 + λ6731)/I(Hβ)
/Users/Igniz/Desktop/ICRAR/extended/SFR+Z.py:355: RuntimeWarning: divide by zero encountered in divide
  R3 = OIII_scaled / HB4861_FLUX_corr  # R3 = I([O III]λ4959 + λ5007)/I(Hβ) (same value as R2 in this case)
/Users/Igniz/Desktop/ICRAR/extended/SFR+Z.py:355: RuntimeWarning: invalid value encountered in divide
  R3 = OIII_scaled / HB4861_FLUX_corr  # R3 = I([O III]λ4959 + λ5007)/I(Hβ) (same value as R2 in this case)
/Users/Igniz/Desktop/ICRAR/extended/SFR+Z.py:357: RuntimeWarning: divide by zero encountered in divide
  log_R3_S2 = np.log10(R3/S2)
/Users/Igniz/Desktop/ICRAR/extended/SFR+Z.py:357: RuntimeWarning: invalid value encountered in divide
  log_R3_S2 = np.log10(R3/S2)
/Users/Igniz/Desktop/ICRAR/extended/SFR+Z.py:357: RuntimeWarning: divide by zero encountered in log10
  log_R3_S2 = np.log10(R3/S2)
/Users/Igniz/Desktop/ICRAR/extended/SFR+Z.py:359: RuntimeWarning: divide by zero encountered in log10
  log_S2 = np.log10(S2)
/Users/Igniz/Desktop/ICRAR/extended/SFR+Z.py:382: RuntimeWarning: invalid value encountered in add
  O_H_PG16[upper_mask] = (a1_upper + a2_upper * log_R3_S2[upper_mask] + a3_upper * log_N2[upper_mask] +
/Users/Igniz/Desktop/ICRAR/extended/SFR+Z.py:401: RuntimeWarning: divide by zero encountered in divide
  oiii_hb = oiii5006_flux / hb4861_flux
/Users/Igniz/Desktop/ICRAR/extended/SFR+Z.py:401: RuntimeWarning: invalid value encountered in divide
  oiii_hb = oiii5006_flux / hb4861_flux
/Users/Igniz/Desktop/ICRAR/extended/SFR+Z.py:403: RuntimeWarning: divide by zero encountered in log10
  o3n2_ratio = np.log10(oiii_hb / nii_ha)
/Users/Igniz/Desktop/ICRAR/extended/SFR+Z.py:446: RuntimeWarning: divide by zero encountered in divide
  oiii_hb = oiii5006_flux / hb4861_flux
/Users/Igniz/Desktop/ICRAR/extended/SFR+Z.py:446: RuntimeWarning: invalid value encountered in divide
  oiii_hb = oiii5006_flux / hb4861_flux
/Users/Igniz/Desktop/ICRAR/extended/SFR+Z.py:448: RuntimeWarning: divide by zero encountered in log10
  o3n2_ratio = np.log10(oiii_hb / nii_ha)
/Users/Igniz/Desktop/ICRAR/extended/SFR+Z.py:503: RuntimeWarning: divide by zero encountered in divide
  oiii_hb = oiii5006_flux / hb4861_flux
/Users/Igniz/Desktop/ICRAR/extended/SFR+Z.py:503: RuntimeWarning: invalid value encountered in divide
  oiii_hb = oiii5006_flux / hb4861_flux
/Users/Igniz/Desktop/ICRAR/extended/SFR+Z.py:505: RuntimeWarning: divide by zero encountered in log10
  o3n2_ratio = np.log10(oiii_hb / nii_ha)
/Users/Igniz/Desktop/ICRAR/extended/SFR+Z.py:594: RuntimeWarning: divide by zero encountered in divide
  oiii_hb = oiii5006_flux / hb4861_flux
/Users/Igniz/Desktop/ICRAR/extended/SFR+Z.py:594: RuntimeWarning: invalid value encountered in divide
  oiii_hb = oiii5006_flux / hb4861_flux
/Users/Igniz/Desktop/ICRAR/extended/SFR+Z.py:597: RuntimeWarning: divide by zero encountered in divide
  sii_hb = sii_total / hb4861_flux
/Users/Igniz/Desktop/ICRAR/extended/SFR+Z.py:600: RuntimeWarning: divide by zero encountered in divide
  o3s2_ratio = np.log10(oiii_hb / sii_hb)
/Users/Igniz/Desktop/ICRAR/extended/SFR+Z.py:600: RuntimeWarning: invalid value encountered in divide
  o3s2_ratio = np.log10(oiii_hb / sii_hb)
/Users/Igniz/Desktop/ICRAR/extended/SFR+Z.py:600: RuntimeWarning: divide by zero encountered in log10
  o3s2_ratio = np.log10(oiii_hb / sii_hb)
/Users/Igniz/Desktop/ICRAR/extended/SFR+Z.py:1414: RuntimeWarning: divide by zero encountered in log10
  logS2  = np.log10((SII6716_FLUX_corr+SII6730_FLUX_corr) / HA6562_FLUX_corr)   # Σ[S II]/Hα
/Users/Igniz/Desktop/ICRAR/extended/SFR+Z.py:1415: RuntimeWarning: divide by zero encountered in divide
  logO3  = np.log10(OIII5006_FLUX_corr / HB4861_FLUX_corr)       # [O III]/Hβ
/Users/Igniz/Desktop/ICRAR/extended/SFR+Z.py:1415: RuntimeWarning: invalid value encountered in divide
  logO3  = np.log10(OIII5006_FLUX_corr / HB4861_FLUX_corr)       # [O III]/Hβ
/Users/Igniz/Desktop/ICRAR/extended/SFR+Z.py:1415: RuntimeWarning: divide by zero encountered in log10
  logO3  = np.log10(OIII5006_FLUX_corr / HB4861_FLUX_corr)       # [O III]/Hβ
/Users/Igniz/Desktop/ICRAR/extended/SFR+Z.py:1501: RuntimeWarning: invalid value encountered in add
  mask_N2_right, mask_S2_right = apply_bpt_masks(logN2=logN2+logN2_err, logS2=logS2+logS2_err, logO3=logO3)
/Users/Igniz/Desktop/ICRAR/extended/SFR+Z.py:1502: RuntimeWarning: invalid value encountered in subtract
  mask_N2_down, mask_S2_down = apply_bpt_masks(logN2=logN2, logS2=logS2, logO3=logO3-logO3_err)
/Users/Igniz/Desktop/ICRAR/extended/SFR+Z.py:1503: RuntimeWarning: invalid value encountered in add
  mask_N2_up, mask_S2_up = apply_bpt_masks(logN2=logN2, logS2=logS2, logO3=logO3+logO3_err)
Reading gas-line FITS ➜ NGC4419_gas_BIN_maps.fits
File not found: NGC4419_KIN_maps_extended.fits
Calculating all 6 C20 metallicities for NGC4419...
Combined C20 metallicity: median = 8.520, range = (8.114, 9.131)
Combined C20 method usage: O3N2=18399, O3S2=0, RS32=129852, R3=1276, N2=2401, S2=389
Inclination correction DISABLED: using cos_inclination = 1.0
Combined C20 total: Selected RS32-C20 with error 0.013
Available methods: [('O3N2-C20', np.float64(8.738293370650945), np.float64(0.020063969032442095)), ('O3S2-C20', np.float64(8.761848678760268), np.float64(0.021480474959197193)), ('RS32-C20', np.float64(8.6647047136607), np.float64(0.013334793180862906)), ('R3-C20', np.float64(8.655543609250786), np.float64(0.03025818920865996)), ('S2-C20', np.float64(8.55933537827948), np.float64(0.11319477464979384))]
Combined C20 total: Selected RS32-C20 with error 0.000
Available methods: [('O3N2-C20', np.float64(8.72307741560386), np.float64(6.983523057738567e-06)), ('O3S2-C20', np.float64(8.756254099800142), np.float64(9.615365757236152e-06)), ('RS32-C20', np.float64(8.579708756189778), np.float64(5.179737992723281e-06)), ('R3-C20', np.float64(8.589993927059796), np.float64(1.0853056262616801e-05))]
Extended file written ➜ /Users/Igniz/Desktop/ICRAR/extended/NGC4419_gas_BIN_maps_extended.fits
--------------------------------------------------------------
Total non-nan spaxels: 154533
Number of pixels with Halpha not detected: 11508
Number of pixels with Halpha detected, Hbeta not detected: 73965
Number of pixels with Halpha detected, Hbeta detected, NII not detected, OIII not detected and unclassified: 0
Number of pixels with Halpha detected, Hbeta detected, NII not detected, OIII detected and unclassified: 0
Number of pixels with Halpha detected, Hbeta detected, NII detected, OIII not detected and unclassified: 1734
Number of pixels with Halpha detected, Hbeta detected, NII detected, OIII detected and unclassified: 3677
Number of pixels with Halpha detected, Hbeta detected, SII not detected, OIII not detected and unclassified: 900
Number of pixels with Halpha detected, Hbeta detected, SII not detected, OIII detected and unclassified: 373
Number of pixels with Halpha detected, Hbeta detected, SII detected, OIII not detected and unclassified: 834
Number of pixels with Halpha detected, Hbeta detected, SII detected, OIII detected and unclassified: 3304
--------------------------------------------------------------
Total corrected Halpha luminosity: 1.19e+41 erg/s
Total corrected Halpha luminosity from SF region: 6.75e+40 erg/s
Total Halpha SFR: 0.59 M☉/yr or in log10 scale: -0.23 log(M☉/yr)
Total Halpha SFR from SF region: 0.34 M☉/yr or in log10 scale: -0.47 log(M☉/yr)
--------------------------------------------------------------
[O/H] D16 SF: Total metallicity in SF region:  9.01403987362062
[O/H] PG16 SF: Total metallicity in SF region:  8.712585716487121
[O/H] O3N2-M13 SF: Total metallicity in SF region:  8.523243195018035
[O/H] N2-M13 SF: Total metallicity in SF region:  8.648506008731038
[O/H] O3N2-PP04 SF: Total metallicity in SF region:  8.715410385073698
[O/H] N2-PP04 SF: Total metallicity in SF region:  9.004771347582212
[O/H] O3N2-C20 SF: Total metallicity in SF region:  8.738293370650945
[O/H] O3S2-C20 SF: Total metallicity in SF region:  8.761848678760268
[O/H] RS32-C20 SF: Total metallicity in SF region:  8.6647047136607
[O/H] R3-C20 SF: Total metallicity in SF region:  8.655543609250786
[O/H] N2-C20 SF: Total metallicity in SF region:  nan
[O/H] S2-C20 SF: Total metallicity in SF region:  8.55933537827948
[O/H] Combined-C20 SF: Total metallicity in SF region:  8.6647047136607
--------------------------------------------------------------
[O/H] D16: Total metallicity in total region:  8.995992405229355
[O/H] PG16: Total metallicity in total region:  8.791164166392221
[O/H] O3N2-M13: Total metallicity in total region:  8.507126402574212
[O/H] N2-M13: Total metallicity in total region:  8.706993432443081
[O/H] O3N2-PP04: Total metallicity in total region:  8.691310508522186
[O/H] N2-PP04: Total metallicity in total region:  9.219291162461586
[O/H] O3N2-C20: Total metallicity in total region:  8.72307741560386
[O/H] O3S2-C20: Total metallicity in total region:  8.756254099800142
[O/H] RS32-C20: Total metallicity in total region:  8.579708756189778
[O/H] R3-C20: Total metallicity in total region:  8.589993927059796
[O/H] N2-C20: Total metallicity in total region:  nan
[O/H] S2-C20: Total metallicity in total region:  nan
[O/H] Combined-C20: Total metallicity in total region:  8.579708756189778
--------------------------------------------------------------
Total runtime: 76.3 s
✅  NGC4419 finished in 1m21s
