/arc/home/RongjunHuang/ICRAR/extended/SFR+Z.py:193: RuntimeWarning: divide by zero encountered in divide
  BD = HA6562_FLUX / HB4861_FLUX
/arc/home/RongjunHuang/ICRAR/extended/SFR+Z.py:193: RuntimeWarning: invalid value encountered in divide
  BD = HA6562_FLUX / HB4861_FLUX
/arc/home/RongjunHuang/ICRAR/extended/SFR+Z.py:254: RuntimeWarning: divide by zero encountered in divide
  y = np.log10(NII6583_FLUX_corr / (SII6716_FLUX_corr + SII6730_FLUX_corr)) + 0.264*np.log10(NII6583_FLUX_corr / HA6562_FLUX_corr)
/arc/home/RongjunHuang/ICRAR/extended/SFR+Z.py:254: RuntimeWarning: invalid value encountered in divide
  y = np.log10(NII6583_FLUX_corr / (SII6716_FLUX_corr + SII6730_FLUX_corr)) + 0.264*np.log10(NII6583_FLUX_corr / HA6562_FLUX_corr)
/arc/home/RongjunHuang/ICRAR/extended/SFR+Z.py:254: RuntimeWarning: divide by zero encountered in log10
  y = np.log10(NII6583_FLUX_corr / (SII6716_FLUX_corr + SII6730_FLUX_corr)) + 0.264*np.log10(NII6583_FLUX_corr / HA6562_FLUX_corr)
/arc/home/RongjunHuang/ICRAR/extended/SFR+Z.py:265: RuntimeWarning: divide by zero encountered in divide
  N2 = NII_scaled / HB4861_FLUX_corr   # N2 = I([N II]λ6548 + λ6584)/I(Hβ)
/arc/home/RongjunHuang/ICRAR/extended/SFR+Z.py:265: RuntimeWarning: invalid value encountered in divide
  N2 = NII_scaled / HB4861_FLUX_corr   # N2 = I([N II]λ6548 + λ6584)/I(Hβ)
/arc/home/RongjunHuang/ICRAR/extended/SFR+Z.py:266: RuntimeWarning: divide by zero encountered in divide
  S2 = (SII6716_FLUX_corr + SII6730_FLUX_corr) / HB4861_FLUX_corr  # S2 = I([S II]λ6717 + λ6731)/I(Hβ)
/arc/home/RongjunHuang/ICRAR/extended/SFR+Z.py:266: RuntimeWarning: invalid value encountered in divide
  S2 = (SII6716_FLUX_corr + SII6730_FLUX_corr) / HB4861_FLUX_corr  # S2 = I([S II]λ6717 + λ6731)/I(Hβ)
/arc/home/RongjunHuang/ICRAR/extended/SFR+Z.py:267: RuntimeWarning: divide by zero encountered in divide
  R3 = OIII_scaled / HB4861_FLUX_corr  # R3 = I([O III]λ4959 + λ5007)/I(Hβ) (same value as R2 in this case)
/arc/home/RongjunHuang/ICRAR/extended/SFR+Z.py:267: RuntimeWarning: invalid value encountered in divide
  R3 = OIII_scaled / HB4861_FLUX_corr  # R3 = I([O III]λ4959 + λ5007)/I(Hβ) (same value as R2 in this case)
/arc/home/RongjunHuang/ICRAR/extended/SFR+Z.py:269: RuntimeWarning: divide by zero encountered in divide
  log_R3_S2 = np.log10(R3/S2)
/arc/home/RongjunHuang/ICRAR/extended/SFR+Z.py:269: RuntimeWarning: invalid value encountered in divide
  log_R3_S2 = np.log10(R3/S2)
/arc/home/RongjunHuang/ICRAR/extended/SFR+Z.py:269: RuntimeWarning: divide by zero encountered in log10
  log_R3_S2 = np.log10(R3/S2)
/arc/home/RongjunHuang/ICRAR/extended/SFR+Z.py:270: RuntimeWarning: divide by zero encountered in log10
  log_N2 = np.log10(N2)
/arc/home/RongjunHuang/ICRAR/extended/SFR+Z.py:271: RuntimeWarning: divide by zero encountered in log10
  log_S2 = np.log10(S2)
/arc/home/RongjunHuang/ICRAR/extended/SFR+Z.py:294: RuntimeWarning: invalid value encountered in add
  O_H_PG16[upper_mask] = (a1_upper + a2_upper * log_R3_S2[upper_mask] + a3_upper * log_N2[upper_mask] +
/arc/home/RongjunHuang/ICRAR/extended/SFR+Z.py:297: RuntimeWarning: invalid value encountered in add
  O_H_PG16[lower_mask] = (a1_lower + a2_lower * log_R3_S2[lower_mask] + a3_lower * log_N2[lower_mask] +
/arc/home/RongjunHuang/ICRAR/extended/SFR+Z.py:298: RuntimeWarning: invalid value encountered in add
  (a4_lower + a5_lower * log_R3_S2[lower_mask] + a6_lower * log_N2[lower_mask]) * log_S2[lower_mask])
/arc/home/RongjunHuang/ICRAR/extended/SFR+Z.py:320: RuntimeWarning: divide by zero encountered in divide
  oiii_hb = oiii5006_flux / hb4861_flux
/arc/home/RongjunHuang/ICRAR/extended/SFR+Z.py:320: RuntimeWarning: invalid value encountered in divide
  oiii_hb = oiii5006_flux / hb4861_flux
/arc/home/RongjunHuang/ICRAR/extended/SFR+Z.py:321: RuntimeWarning: divide by zero encountered in divide
  nii_ha = nii6583_flux / ha6562_flux
/arc/home/RongjunHuang/ICRAR/extended/SFR+Z.py:321: RuntimeWarning: invalid value encountered in divide
  nii_ha = nii6583_flux / ha6562_flux
/arc/home/RongjunHuang/ICRAR/extended/SFR+Z.py:322: RuntimeWarning: divide by zero encountered in divide
  o3n2_ratio = np.log10(oiii_hb / nii_ha)
/arc/home/RongjunHuang/ICRAR/extended/SFR+Z.py:322: RuntimeWarning: invalid value encountered in divide
  o3n2_ratio = np.log10(oiii_hb / nii_ha)
/arc/home/RongjunHuang/ICRAR/extended/SFR+Z.py:322: RuntimeWarning: divide by zero encountered in log10
  o3n2_ratio = np.log10(oiii_hb / nii_ha)
/arc/home/RongjunHuang/ICRAR/extended/SFR+Z.py:350: RuntimeWarning: divide by zero encountered in divide
  n2_ratio = np.log10(nii6583_flux / ha6562_flux)
/arc/home/RongjunHuang/ICRAR/extended/SFR+Z.py:350: RuntimeWarning: invalid value encountered in divide
  n2_ratio = np.log10(nii6583_flux / ha6562_flux)
/arc/home/RongjunHuang/ICRAR/extended/SFR+Z.py:350: RuntimeWarning: divide by zero encountered in log10
  n2_ratio = np.log10(nii6583_flux / ha6562_flux)
/arc/home/RongjunHuang/ICRAR/extended/SFR+Z.py:379: RuntimeWarning: divide by zero encountered in divide
  oiii_hb = oiii5006_flux / hb4861_flux
/arc/home/RongjunHuang/ICRAR/extended/SFR+Z.py:379: RuntimeWarning: invalid value encountered in divide
  oiii_hb = oiii5006_flux / hb4861_flux
/arc/home/RongjunHuang/ICRAR/extended/SFR+Z.py:380: RuntimeWarning: divide by zero encountered in divide
  nii_ha = nii6583_flux / ha6562_flux
/arc/home/RongjunHuang/ICRAR/extended/SFR+Z.py:380: RuntimeWarning: invalid value encountered in divide
  nii_ha = nii6583_flux / ha6562_flux
/arc/home/RongjunHuang/ICRAR/extended/SFR+Z.py:381: RuntimeWarning: divide by zero encountered in divide
  o3n2_ratio = np.log10(oiii_hb / nii_ha)
/arc/home/RongjunHuang/ICRAR/extended/SFR+Z.py:381: RuntimeWarning: invalid value encountered in divide
  o3n2_ratio = np.log10(oiii_hb / nii_ha)
/arc/home/RongjunHuang/ICRAR/extended/SFR+Z.py:381: RuntimeWarning: divide by zero encountered in log10
  o3n2_ratio = np.log10(oiii_hb / nii_ha)
/arc/home/RongjunHuang/ICRAR/extended/SFR+Z.py:409: RuntimeWarning: divide by zero encountered in divide
  n2_ratio = np.log10(nii6583_flux / ha6562_flux)
/arc/home/RongjunHuang/ICRAR/extended/SFR+Z.py:409: RuntimeWarning: invalid value encountered in divide
  n2_ratio = np.log10(nii6583_flux / ha6562_flux)
/arc/home/RongjunHuang/ICRAR/extended/SFR+Z.py:409: RuntimeWarning: divide by zero encountered in log10
  n2_ratio = np.log10(nii6583_flux / ha6562_flux)
/arc/home/RongjunHuang/ICRAR/extended/SFR+Z.py:433: RuntimeWarning: divide by zero encountered in divide
  oiii_hb = oiii5006_flux / hb4861_flux
/arc/home/RongjunHuang/ICRAR/extended/SFR+Z.py:433: RuntimeWarning: invalid value encountered in divide
  oiii_hb = oiii5006_flux / hb4861_flux
/arc/home/RongjunHuang/ICRAR/extended/SFR+Z.py:434: RuntimeWarning: divide by zero encountered in divide
  nii_ha = nii6583_flux / ha6562_flux
/arc/home/RongjunHuang/ICRAR/extended/SFR+Z.py:434: RuntimeWarning: invalid value encountered in divide
  nii_ha = nii6583_flux / ha6562_flux
/arc/home/RongjunHuang/ICRAR/extended/SFR+Z.py:435: RuntimeWarning: divide by zero encountered in divide
  o3n2_ratio = np.log10(oiii_hb / nii_ha)
/arc/home/RongjunHuang/ICRAR/extended/SFR+Z.py:435: RuntimeWarning: invalid value encountered in divide
  o3n2_ratio = np.log10(oiii_hb / nii_ha)
/arc/home/RongjunHuang/ICRAR/extended/SFR+Z.py:435: RuntimeWarning: divide by zero encountered in log10
  o3n2_ratio = np.log10(oiii_hb / nii_ha)
/arc/home/RongjunHuang/ICRAR/extended/SFR+Z.py:492: RuntimeWarning: divide by zero encountered in divide
  oiii_hb = oiii5006_flux / hb4861_flux
/arc/home/RongjunHuang/ICRAR/extended/SFR+Z.py:492: RuntimeWarning: invalid value encountered in divide
  oiii_hb = oiii5006_flux / hb4861_flux
/arc/home/RongjunHuang/ICRAR/extended/SFR+Z.py:494: RuntimeWarning: divide by zero encountered in divide
  o3s2_ratio = np.log10(oiii_hb / (sii_total / hb4861_flux))  # ([OIII]/Hβ) / ([SII]/Hβ)
/arc/home/RongjunHuang/ICRAR/extended/SFR+Z.py:494: RuntimeWarning: invalid value encountered in divide
  o3s2_ratio = np.log10(oiii_hb / (sii_total / hb4861_flux))  # ([OIII]/Hβ) / ([SII]/Hβ)
/arc/home/RongjunHuang/ICRAR/extended/SFR+Z.py:494: RuntimeWarning: divide by zero encountered in log10
  o3s2_ratio = np.log10(oiii_hb / (sii_total / hb4861_flux))  # ([OIII]/Hβ) / ([SII]/Hβ)
/arc/home/RongjunHuang/ICRAR/extended/SFR+Z.py:1010: RuntimeWarning: divide by zero encountered in divide
  logN2  = np.log10(NII6583_FLUX_corr / HA6562_FLUX_corr)        # [N II]/Hα
/arc/home/RongjunHuang/ICRAR/extended/SFR+Z.py:1010: RuntimeWarning: invalid value encountered in divide
  logN2  = np.log10(NII6583_FLUX_corr / HA6562_FLUX_corr)        # [N II]/Hα
/arc/home/RongjunHuang/ICRAR/extended/SFR+Z.py:1010: RuntimeWarning: divide by zero encountered in log10
  logN2  = np.log10(NII6583_FLUX_corr / HA6562_FLUX_corr)        # [N II]/Hα
/arc/home/RongjunHuang/ICRAR/extended/SFR+Z.py:1011: RuntimeWarning: divide by zero encountered in divide
  logS2  = np.log10((SII6716_FLUX_corr+SII6730_FLUX_corr) / HA6562_FLUX_corr)   # Σ[S II]/Hα
/arc/home/RongjunHuang/ICRAR/extended/SFR+Z.py:1011: RuntimeWarning: invalid value encountered in divide
  logS2  = np.log10((SII6716_FLUX_corr+SII6730_FLUX_corr) / HA6562_FLUX_corr)   # Σ[S II]/Hα
/arc/home/RongjunHuang/ICRAR/extended/SFR+Z.py:1011: RuntimeWarning: divide by zero encountered in log10
  logS2  = np.log10((SII6716_FLUX_corr+SII6730_FLUX_corr) / HA6562_FLUX_corr)   # Σ[S II]/Hα
/arc/home/RongjunHuang/ICRAR/extended/SFR+Z.py:1012: RuntimeWarning: divide by zero encountered in divide
  logO3  = np.log10(OIII5006_FLUX_corr / HB4861_FLUX_corr)       # [O III]/Hβ
/arc/home/RongjunHuang/ICRAR/extended/SFR+Z.py:1012: RuntimeWarning: invalid value encountered in divide
  logO3  = np.log10(OIII5006_FLUX_corr / HB4861_FLUX_corr)       # [O III]/Hβ
/arc/home/RongjunHuang/ICRAR/extended/SFR+Z.py:1012: RuntimeWarning: divide by zero encountered in log10
  logO3  = np.log10(OIII5006_FLUX_corr / HB4861_FLUX_corr)       # [O III]/Hβ
/arc/home/RongjunHuang/ICRAR/extended/SFR+Z.py:1097: RuntimeWarning: invalid value encountered in subtract
  mask_N2_left, mask_S2_left = apply_bpt_masks(logN2=logN2-logN2_err, logS2=logS2-logS2_err, logO3=logO3)
/arc/home/RongjunHuang/ICRAR/extended/SFR+Z.py:1098: RuntimeWarning: invalid value encountered in add
  mask_N2_right, mask_S2_right = apply_bpt_masks(logN2=logN2+logN2_err, logS2=logS2+logS2_err, logO3=logO3)
/arc/home/RongjunHuang/ICRAR/extended/SFR+Z.py:1099: RuntimeWarning: invalid value encountered in subtract
  mask_N2_down, mask_S2_down = apply_bpt_masks(logN2=logN2, logS2=logS2, logO3=logO3-logO3_err)
/arc/home/RongjunHuang/ICRAR/extended/SFR+Z.py:1100: RuntimeWarning: invalid value encountered in add
  mask_N2_up, mask_S2_up = apply_bpt_masks(logN2=logN2, logS2=logS2, logO3=logO3+logO3_err)
Reading gas-line FITS ➜ /arc/projects/mauve/products/v0.6/NGC4501/NGC4501_gas_BIN_maps.fits
File not found: NGC4501_KIN_maps_extended.fits
Combined C20 metallicity: median = 8.757, range = (7.976, 9.115)
Combined C20 method usage: O3N2=626428, N2=4703, O3S2=733, S2=736, RS32=0, R3=1504
Combined C20 total: Selected O3N2-C20 with error 0.100
Available methods: [('O3N2-C20', np.float64(8.6480317899972), 0.1), ('O3S2-C20', np.float64(8.69892045142379), 0.15), ('RS32-C20', np.float64(8.617280861688963), 0.2), ('R3-C20', np.float64(8.518946674067), 0.25), ('N2-C20', np.float64(8.51568221224741), 0.12), ('S2-C20', np.float64(8.474826996419868), 0.18)]
Extended file written ➜ /arc/home/RongjunHuang/ICRAR/extended/NGC4501_gas_BIN_maps_extended.fits
--------------------------------------------------------------
Total non-nan spaxels: 646174
Number of pixels with Halpha not detected: 34557
Number of pixels with Halpha detected, Hbeta not detected: 93360
Number of pixels with Halpha detected, Hbeta detected, NII not detected, OIII not detected and unclassified: 597
Number of pixels with Halpha detected, Hbeta detected, NII not detected, OIII detected and unclassified: 0
Number of pixels with Halpha detected, Hbeta detected, NII detected, OIII not detected and unclassified: 1395
Number of pixels with Halpha detected, Hbeta detected, NII detected, OIII detected and unclassified: 12732
Number of pixels with Halpha detected, Hbeta detected, SII not detected, OIII not detected and unclassified: 894
Number of pixels with Halpha detected, Hbeta detected, SII not detected, OIII detected and unclassified: 354
Number of pixels with Halpha detected, Hbeta detected, SII detected, OIII not detected and unclassified: 1098
Number of pixels with Halpha detected, Hbeta detected, SII detected, OIII detected and unclassified: 12378
--------------------------------------------------------------
Total corrected Halpha luminosity: 6.00e+41 erg/s
Total corrected Halpha luminosity from SF region: 5.61e+41 erg/s
Total Halpha SFR: 2.99 M☉/yr or in log10 scale: 0.48 log(M☉/yr)
Total Halpha SFR from SF region: 2.80 M☉/yr or in log10 scale: 0.45 log(M☉/yr)
--------------------------------------------------------------
[O/H] D16 SF: Total metallicity in SF region:  8.836808806139283
[O/H] PG16 SF: Total metallicity in SF region:  8.577960075978737
[O/H] O3N2-M13 SF: Total metallicity in SF region:  8.561758022717903
[O/H] N2-M13 SF: Total metallicity in SF region:  8.54166295514576
[O/H] O3N2-PP04 SF: Total metallicity in SF region:  8.77300265079313
[O/H] N2-PP04 SF: Total metallicity in SF region:  8.69814771590853
[O/H] O3N2-C20 SF: Total metallicity in SF region:  8.773829034889266
[O/H] O3S2-C20 SF: Total metallicity in SF region:  8.820422765856218
[O/H] RS32-C20 SF: Total metallicity in SF region:  8.77718371869691
[O/H] R3-C20 SF: Total metallicity in SF region:  8.766551729892399
[O/H] N2-C20 SF: Total metallicity in SF region:  8.727765387225183
[O/H] S2-C20 SF: Total metallicity in SF region:  8.448976260336076
[O/H] Combined-C20 SF: Total metallicity in SF region:  8.6480317899972
--------------------------------------------------------------
Total runtime: 231.3 s
✅  NGC4501 finished in 3m55s
