
=== Using the following files ===
Cube         : /arc/projects/mauve/cubes/v3.0/IC3392_DATACUBE_FINAL_WCS_Pall_mad_red_v3.fits
Binning map  : /arc/projects/mauve/products/v0.6/IC3392/IC3392_SPATIAL_BINNING_maps.fits
SFH map      : /arc/projects/mauve/products/v0.6/IC3392/IC3392_SFH_maps.fits
Weights      : /arc/projects/mauve/products/v0.6/IC3392/IC3392_sfh-weights.fits
Photometry   : BaSTI+Chabrier.dat
Output       : IC3392_SPATIAL_BINNING_maps_extended.fits 

Loading: /arc/projects/mauve/products/v0.6/IC3392/IC3392_SPATIAL_BINNING_maps.fits
Filename: /arc/projects/mauve/products/v0.6/IC3392/IC3392_SPATIAL_BINNING_maps.fits
No.    Name      Ver    Type      Cards   Dimensions   Format
  0  PRIMARY       1 PrimaryHDU       4   ()      
  1  BINID         1 ImageHDU        26   (437, 438)   float64   
  2  FLUX          1 ImageHDU        26   (437, 438)   float64   
  3  SNR           1 ImageHDU        26   (437, 438)   float64   
  4  SNRBIN        1 ImageHDU        26   (437, 438)   float64   
  5  XBIN          1 ImageHDU        26   (437, 438)   float64   
  6  YBIN          1 ImageHDU        26   (437, 438)   float64   
None
Loading: /arc/projects/mauve/products/v0.6/IC3392/IC3392_sfh-weights.fits
Filename: /arc/projects/mauve/products/v0.6/IC3392/IC3392_sfh-weights.fits
No.    Name      Ver    Type      Cards   Dimensions   Format
  0  PRIMARY       1 PrimaryHDU      23   ()      
  1  WEIGHTS       1 BinTableHDU     27   4077R x 1C   [477D]   
  2  GRID          1 BinTableHDU     31   477R x 3C   [D, D, D]   
/arc/home/RongjunHuang/ICRAR/extended/Mass.py:248: RuntimeWarning: invalid value encountered in cast
  BINID   = BINID_f32.astype(np.int32)   # safe: all finite →
None
Loaded 636 out of 636 rows of data from BaSTI+Chabrier.dat
Loading: /arc/projects/mauve/cubes/v3.0/IC3392_DATACUBE_FINAL_WCS_Pall_mad_red_v3.fits
Computing AB magnitudes for each spaxel...
Processing row 0/438
Processing row 50/438
Processing row 100/438
Processing row 150/438
Processing row 200/438
Processing row 250/438
Processing row 300/438
Processing row 350/438
Processing row 400/438
R-band magnitude calculation completed!
Filter used: bessell-R
Magnitude range: 21.12 to 26.07
Distance modulus: 31.09 mag
Total R-band magnitude   : 12.305 mag (AB)
Total R-band luminosity  : 9.489 log10(L☉)
Total stellar mass (R)   : 9.643 log10(M☉)
Saved extended file to /arc/home/RongjunHuang/ICRAR/extended/IC3392_SPATIAL_BINNING_maps_extended.fits
M/L_R layer saved ➜ /arc/home/RongjunHuang/ICRAR/extended/IC3392_SPATIAL_BINNING_maps_extended.fits
Stellar-mass layer saved ➜ /arc/home/RongjunHuang/ICRAR/extended/IC3392_SPATIAL_BINNING_maps_extended.fits
Stellar mass surface density layer saved ➜ /arc/home/RongjunHuang/ICRAR/extended/IC3392_SPATIAL_BINNING_maps_extended.fits
r-band magnitude layer saved ➜ /arc/home/RongjunHuang/ICRAR/extended/IC3392_SPATIAL_BINNING_maps_extended.fits
r-band uncorrected magnitude layer saved ➜ /arc/home/RongjunHuang/ICRAR/extended/IC3392_SPATIAL_BINNING_maps_extended.fits
✅  IC3392 finished in 2m9s
