
=== Using the following files ===
Cube         : /arc/projects/mauve/cubes/v3.0/NGC4457_DATACUBE_FINAL_WCS_Pall_mad_red_v3.fits
Binning map  : /arc/projects/mauve/products/v0.6/NGC4457/NGC4457_SPATIAL_BINNING_maps.fits
SFH map      : /arc/projects/mauve/products/v0.6/NGC4457/NGC4457_SFH_maps.fits
Weights      : /arc/projects/mauve/products/v0.6/NGC4457/NGC4457_sfh-weights.fits
Photometry   : BaSTI+Chabrier.dat
Output       : NGC4457_SPATIAL_BINNING_maps_extended.fits 

Loading: /arc/projects/mauve/products/v0.6/NGC4457/NGC4457_SPATIAL_BINNING_maps.fits
Filename: /arc/projects/mauve/products/v0.6/NGC4457/NGC4457_SPATIAL_BINNING_maps.fits
No.    Name      Ver    Type      Cards   Dimensions   Format
  0  PRIMARY       1 PrimaryHDU       4   ()      
  1  BINID         1 ImageHDU        26   (725, 725)   float64   
  2  FLUX          1 ImageHDU        26   (725, 725)   float64   
  3  SNR           1 ImageHDU        26   (725, 725)   float64   
  4  SNRBIN        1 ImageHDU        26   (725, 725)   float64   
  5  XBIN          1 ImageHDU        26   (725, 725)   float64   
  6  YBIN          1 ImageHDU        26   (725, 725)   float64   
None
Loading: /arc/projects/mauve/products/v0.6/NGC4457/NGC4457_sfh-weights.fits
Filename: /arc/projects/mauve/products/v0.6/NGC4457/NGC4457_sfh-weights.fits
No.    Name      Ver    Type      Cards   Dimensions   Format
  0  PRIMARY       1 PrimaryHDU      23   ()      
  1  WEIGHTS       1 BinTableHDU     27   19405R x 1C   [477D]   
  2  GRID          1 BinTableHDU     31   477R x 3C   [D, D, D]   
/arc/home/RongjunHuang/ICRAR/extended/Mass.py:248: RuntimeWarning: invalid value encountered in cast
  BINID   = BINID_f32.astype(np.int32)   # safe: all finite →
None
Loaded 636 out of 636 rows of data from BaSTI+Chabrier.dat
Loading: /arc/projects/mauve/cubes/v3.0/NGC4457_DATACUBE_FINAL_WCS_Pall_mad_red_v3.fits
Computing AB magnitudes for each spaxel...
Processing row 0/725
Processing row 50/725
Processing row 100/725
Processing row 150/725
Processing row 200/725
Processing row 250/725
Processing row 300/725
Processing row 350/725
Processing row 400/725
Processing row 450/725
Processing row 500/725
Processing row 550/725
Processing row 600/725
Processing row 650/725
Processing row 700/725
R-band magnitude calculation completed!
Filter used: bessell-R
Magnitude range: 17.54 to 25.85
Distance modulus: 31.09 mag
Total R-band magnitude   : 10.533 mag (AB)
Total R-band luminosity  : 10.224 log10(L☉)
Total stellar mass (R)   : 10.459 log10(M☉)
Saved extended file to /arc/home/RongjunHuang/ICRAR/extended/NGC4457_SPATIAL_BINNING_maps_extended.fits
M/L_R layer saved ➜ /arc/home/RongjunHuang/ICRAR/extended/NGC4457_SPATIAL_BINNING_maps_extended.fits
Stellar-mass layer saved ➜ /arc/home/RongjunHuang/ICRAR/extended/NGC4457_SPATIAL_BINNING_maps_extended.fits
Stellar mass surface density layer saved ➜ /arc/home/RongjunHuang/ICRAR/extended/NGC4457_SPATIAL_BINNING_maps_extended.fits
r-band magnitude layer saved ➜ /arc/home/RongjunHuang/ICRAR/extended/NGC4457_SPATIAL_BINNING_maps_extended.fits
r-band uncorrected magnitude layer saved ➜ /arc/home/RongjunHuang/ICRAR/extended/NGC4457_SPATIAL_BINNING_maps_extended.fits
✅  NGC4457 finished in 5m30s
