
=== Using the following files ===
Cube         : /arc/projects/mauve/cubes/v3.0/NGC4064_DATACUBE_FINAL_WCS_Pall_mad_red_v3.fits
Binning map  : /arc/projects/mauve/products/v0.6/NGC4064/NGC4064_SPATIAL_BINNING_maps.fits
SFH map      : /arc/projects/mauve/products/v0.6/NGC4064/NGC4064_SFH_maps.fits
Weights      : /arc/projects/mauve/products/v0.6/NGC4064/NGC4064_sfh-weights.fits
Photometry   : BaSTI+Chabrier.dat
Output       : NGC4064_SPATIAL_BINNING_maps_extended.fits 

Loading: /arc/projects/mauve/products/v0.6/NGC4064/NGC4064_SPATIAL_BINNING_maps.fits
Filename: /arc/projects/mauve/products/v0.6/NGC4064/NGC4064_SPATIAL_BINNING_maps.fits
No.    Name      Ver    Type      Cards   Dimensions   Format
  0  PRIMARY       1 PrimaryHDU       4   ()      
  1  BINID         1 ImageHDU        26   (566, 665)   float64   
  2  FLUX          1 ImageHDU        26   (566, 665)   float64   
  3  SNR           1 ImageHDU        26   (566, 665)   float64   
  4  SNRBIN        1 ImageHDU        26   (566, 665)   float64   
  5  XBIN          1 ImageHDU        26   (566, 665)   float64   
  6  YBIN          1 ImageHDU        26   (566, 665)   float64   
None
Loading: /arc/projects/mauve/products/v0.6/NGC4064/NGC4064_sfh-weights.fits
Filename: /arc/projects/mauve/products/v0.6/NGC4064/NGC4064_sfh-weights.fits
No.    Name      Ver    Type      Cards   Dimensions   Format
  0  PRIMARY       1 PrimaryHDU      23   ()      
  1  WEIGHTS       1 BinTableHDU     27   9411R x 1C   [477D]   
  2  GRID          1 BinTableHDU     31   477R x 3C   [D, D, D]   
/arc/home/RongjunHuang/ICRAR/extended/Mass.py:308: RuntimeWarning: invalid value encountered in cast
  BINID   = BINID_f32.astype(np.int32)   # safe: all finite →
None
Loaded 636 out of 636 rows of data from BaSTI+Chabrier.dat
Loading: /arc/projects/mauve/cubes/v3.0/NGC4064_DATACUBE_FINAL_WCS_Pall_mad_red_v3.fits
Computing AB magnitudes for each spaxel...
Processing row 0/665
Processing row 50/665
Processing row 100/665
Processing row 150/665
Processing row 200/665
Processing row 250/665
Processing row 300/665
Processing row 350/665
Processing row 400/665
Processing row 450/665
Processing row 500/665
Processing row 550/665
Processing row 600/665
Processing row 650/665
R-band magnitude calculation completed!
Filter used: bessell-R
Magnitude range: 17.91 to 25.81
Distance modulus: 31.09 mag
Total R-band magnitude   : 11.454 mag (AB)
Total R-band luminosity  : 9.869 log10(L☉)
Total stellar mass (R)   : 9.923 log10(M☉)
Saved extended file to /arc/home/RongjunHuang/ICRAR/extended/NGC4064_SPATIAL_BINNING_maps_extended.fits
M/L_R layer saved ➜ /arc/home/RongjunHuang/ICRAR/extended/NGC4064_SPATIAL_BINNING_maps_extended.fits
Stellar-mass layer saved ➜ /arc/home/RongjunHuang/ICRAR/extended/NGC4064_SPATIAL_BINNING_maps_extended.fits
Galaxy NGC4064 inclination: 70.0° (cos θ = 0.342)
Inclination correction ENABLED: applying b/a = 0.390 (adopting intrinsic thickness q₀ = 0.2 for disc galaxy)
Stellar mass surface density layer saved ➜ /arc/home/RongjunHuang/ICRAR/extended/NGC4064_SPATIAL_BINNING_maps_extended.fits
r-band magnitude layer saved ➜ /arc/home/RongjunHuang/ICRAR/extended/NGC4064_SPATIAL_BINNING_maps_extended.fits
r-band uncorrected magnitude layer saved ➜ /arc/home/RongjunHuang/ICRAR/extended/NGC4064_SPATIAL_BINNING_maps_extended.fits
✅  NGC4064 finished in 4m12s
