
=== Using the following files ===
Cube         : /arc/projects/mauve/cubes/v3.0/NGC4293_DATACUBE_FINAL_WCS_Pall_mad_red_v3.fits
Binning map  : /arc/projects/mauve/products/v0.6/NGC4293/NGC4293_SPATIAL_BINNING_maps.fits
SFH map      : /arc/projects/mauve/products/v0.6/NGC4293/NGC4293_SFH_maps.fits
Weights      : /arc/projects/mauve/products/v0.6/NGC4293/NGC4293_sfh-weights.fits
Photometry   : BaSTI+Chabrier.dat
Output       : NGC4293_SPATIAL_BINNING_maps_extended.fits 

Loading: /arc/projects/mauve/products/v0.6/NGC4293/NGC4293_SPATIAL_BINNING_maps.fits
Filename: /arc/projects/mauve/products/v0.6/NGC4293/NGC4293_SPATIAL_BINNING_maps.fits
No.    Name      Ver    Type      Cards   Dimensions   Format
  0  PRIMARY       1 PrimaryHDU       4   ()      
  1  BINID         1 ImageHDU        26   (923, 532)   float64   
  2  FLUX          1 ImageHDU        26   (923, 532)   float64   
  3  SNR           1 ImageHDU        26   (923, 532)   float64   
  4  SNRBIN        1 ImageHDU        26   (923, 532)   float64   
  5  XBIN          1 ImageHDU        26   (923, 532)   float64   
  6  YBIN          1 ImageHDU        26   (923, 532)   float64   
None
Loading: /arc/projects/mauve/products/v0.6/NGC4293/NGC4293_sfh-weights.fits
Filename: /arc/projects/mauve/products/v0.6/NGC4293/NGC4293_sfh-weights.fits
No.    Name      Ver    Type      Cards   Dimensions   Format
  0  PRIMARY       1 PrimaryHDU      23   ()      
  1  WEIGHTS       1 BinTableHDU     27   21133R x 1C   [477D]   
  2  GRID          1 BinTableHDU     31   477R x 3C   [D, D, D]   
/arc/home/RongjunHuang/ICRAR/extended/Mass.py:308: RuntimeWarning: invalid value encountered in cast
  BINID   = BINID_f32.astype(np.int32)   # safe: all finite →
None
Loaded 636 out of 636 rows of data from BaSTI+Chabrier.dat
Loading: /arc/projects/mauve/cubes/v3.0/NGC4293_DATACUBE_FINAL_WCS_Pall_mad_red_v3.fits
Computing AB magnitudes for each spaxel...
Processing row 0/532
Processing row 50/532
Processing row 100/532
Processing row 150/532
Processing row 200/532
Processing row 250/532
Processing row 300/532
Processing row 350/532
Processing row 400/532
Processing row 450/532
Processing row 500/532
R-band magnitude calculation completed!
Filter used: bessell-R
Magnitude range: 18.71 to 25.44
Distance modulus: 31.09 mag
Total R-band magnitude   : 10.633 mag (AB)
Total R-band luminosity  : 10.134 log10(L☉)
Total stellar mass (R)   : 10.425 log10(M☉)
Saved extended file to /arc/home/RongjunHuang/ICRAR/extended/NGC4293_SPATIAL_BINNING_maps_extended.fits
M/L_R layer saved ➜ /arc/home/RongjunHuang/ICRAR/extended/NGC4293_SPATIAL_BINNING_maps_extended.fits
Stellar-mass layer saved ➜ /arc/home/RongjunHuang/ICRAR/extended/NGC4293_SPATIAL_BINNING_maps_extended.fits
Galaxy NGC4293 inclination: 67.0° (cos θ = 0.391)
Inclination correction ENABLED: applying b/a = 0.432 (adopting intrinsic thickness q₀ = 0.2 for disc galaxy)
Stellar mass surface density layer saved ➜ /arc/home/RongjunHuang/ICRAR/extended/NGC4293_SPATIAL_BINNING_maps_extended.fits
r-band magnitude layer saved ➜ /arc/home/RongjunHuang/ICRAR/extended/NGC4293_SPATIAL_BINNING_maps_extended.fits
r-band uncorrected magnitude layer saved ➜ /arc/home/RongjunHuang/ICRAR/extended/NGC4293_SPATIAL_BINNING_maps_extended.fits
✅  NGC4293 finished in 5m22s
