
=== Using the following files ===
Cube         : /arc/projects/mauve/cubes/v3.0/NGC4383_DATACUBE_FINAL_WCS_Pall_mad_red_v3.fits
Binning map  : /arc/projects/mauve/products/v0.6/NGC4383/NGC4383_SPATIAL_BINNING_maps.fits
SFH map      : /arc/projects/mauve/products/v0.6/NGC4383/NGC4383_SFH_maps.fits
Weights      : /arc/projects/mauve/products/v0.6/NGC4383/NGC4383_sfh-weights.fits
Photometry   : BaSTI+Chabrier.dat
Output       : NGC4383_SPATIAL_BINNING_maps_extended.fits 

Loading: /arc/projects/mauve/products/v0.6/NGC4383/NGC4383_SPATIAL_BINNING_maps.fits
Filename: /arc/projects/mauve/products/v0.6/NGC4383/NGC4383_SPATIAL_BINNING_maps.fits
No.    Name      Ver    Type      Cards   Dimensions   Format
  0  PRIMARY       1 PrimaryHDU       4   ()      
  1  BINID         1 ImageHDU        26   (633, 705)   float64   
  2  FLUX          1 ImageHDU        26   (633, 705)   float64   
  3  SNR           1 ImageHDU        26   (633, 705)   float64   
  4  SNRBIN        1 ImageHDU        26   (633, 705)   float64   
  5  XBIN          1 ImageHDU        26   (633, 705)   float64   
  6  YBIN          1 ImageHDU        26   (633, 705)   float64   
None
Loading: /arc/projects/mauve/products/v0.6/NGC4383/NGC4383_sfh-weights.fits
Filename: /arc/projects/mauve/products/v0.6/NGC4383/NGC4383_sfh-weights.fits
No.    Name      Ver    Type      Cards   Dimensions   Format
  0  PRIMARY       1 PrimaryHDU      23   ()      
  1  WEIGHTS       1 BinTableHDU     27   9028R x 1C   [477D]   
  2  GRID          1 BinTableHDU     31   477R x 3C   [D, D, D]   
/arc/home/RongjunHuang/.conda/envs/ICRAR/lib/python3.13/site-packages/speclite/filters.py:1119: RuntimeWarning: invalid value encountered in log10
  return -2.5 * np.log10(maggies)
/arc/home/RongjunHuang/ICRAR/extended/Mass.py:308: RuntimeWarning: invalid value encountered in cast
  BINID   = BINID_f32.astype(np.int32)   # safe: all finite →
None
Loaded 636 out of 636 rows of data from BaSTI+Chabrier.dat
Loading: /arc/projects/mauve/cubes/v3.0/NGC4383_DATACUBE_FINAL_WCS_Pall_mad_red_v3.fits
Computing AB magnitudes for each spaxel...
Processing row 0/705
Processing row 50/705
Processing row 100/705
Processing row 150/705
Processing row 200/705
Processing row 250/705
Processing row 300/705
Processing row 350/705
Processing row 400/705
Processing row 450/705
Processing row 500/705
Processing row 550/705
Processing row 600/705
Processing row 650/705
Processing row 700/705
R-band magnitude calculation completed!
Filter used: bessell-R
Magnitude range: 18.88 to 26.73
Distance modulus: 31.09 mag
Total R-band magnitude   : 11.907 mag (AB)
Total R-band luminosity  : 9.684 log10(L☉)
Total stellar mass (R)   : 9.516 log10(M☉)
Saved extended file to /arc/home/RongjunHuang/ICRAR/extended/NGC4383_SPATIAL_BINNING_maps_extended.fits
M/L_R layer saved ➜ /arc/home/RongjunHuang/ICRAR/extended/NGC4383_SPATIAL_BINNING_maps_extended.fits
Stellar-mass layer saved ➜ /arc/home/RongjunHuang/ICRAR/extended/NGC4383_SPATIAL_BINNING_maps_extended.fits
Inclination correction DISABLED: using ba_factor = 1.0
Stellar mass surface density layer saved ➜ /arc/home/RongjunHuang/ICRAR/extended/NGC4383_SPATIAL_BINNING_maps_extended.fits
r-band magnitude layer saved ➜ /arc/home/RongjunHuang/ICRAR/extended/NGC4383_SPATIAL_BINNING_maps_extended.fits
r-band uncorrected magnitude layer saved ➜ /arc/home/RongjunHuang/ICRAR/extended/NGC4383_SPATIAL_BINNING_maps_extended.fits
✅  NGC4383 finished in 4m51s
