
=== Using the following files ===
Cube         : /arc/projects/mauve/cubes/v3.0/NGC4330_DATACUBE_FINAL_WCS_Pall_mad_red_v3.fits
Binning map  : /arc/projects/mauve/products/v0.6/NGC4330/NGC4330_SPATIAL_BINNING_maps.fits
SFH map      : /arc/projects/mauve/products/v0.6/NGC4330/NGC4330_SFH_maps.fits
Weights      : /arc/projects/mauve/products/v0.6/NGC4330/NGC4330_sfh-weights.fits
Photometry   : BaSTI+Chabrier.dat
Output       : NGC4330_SPATIAL_BINNING_maps_extended.fits 

Loading: /arc/projects/mauve/products/v0.6/NGC4330/NGC4330_SPATIAL_BINNING_maps.fits
Filename: /arc/projects/mauve/products/v0.6/NGC4330/NGC4330_SPATIAL_BINNING_maps.fits
No.    Name      Ver    Type      Cards   Dimensions   Format
  0  PRIMARY       1 PrimaryHDU       4   ()      
  1  BINID         1 ImageHDU        26   (881, 760)   float64   
  2  FLUX          1 ImageHDU        26   (881, 760)   float64   
  3  SNR           1 ImageHDU        26   (881, 760)   float64   
  4  SNRBIN        1 ImageHDU        26   (881, 760)   float64   
  5  XBIN          1 ImageHDU        26   (881, 760)   float64   
  6  YBIN          1 ImageHDU        26   (881, 760)   float64   
None
Loading: /arc/projects/mauve/products/v0.6/NGC4330/NGC4330_sfh-weights.fits
Filename: /arc/projects/mauve/products/v0.6/NGC4330/NGC4330_sfh-weights.fits
No.    Name      Ver    Type      Cards   Dimensions   Format
  0  PRIMARY       1 PrimaryHDU      23   ()      
  1  WEIGHTS       1 BinTableHDU     27   2960R x 1C   [477D]   
  2  GRID          1 BinTableHDU     31   477R x 3C   [D, D, D]   
/arc/home/RongjunHuang/.conda/envs/ICRAR/lib/python3.13/site-packages/speclite/filters.py:1119: RuntimeWarning: invalid value encountered in log10
  return -2.5 * np.log10(maggies)
/arc/home/RongjunHuang/ICRAR/extended/Mass.py:308: RuntimeWarning: invalid value encountered in cast
  BINID   = BINID_f32.astype(np.int32)   # safe: all finite →
None
Loaded 636 out of 636 rows of data from BaSTI+Chabrier.dat
Loading: /arc/projects/mauve/cubes/v3.0/NGC4330_DATACUBE_FINAL_WCS_Pall_mad_red_v3.fits
Computing AB magnitudes for each spaxel...
Processing row 0/760
Processing row 50/760
Processing row 100/760
Processing row 150/760
Processing row 200/760
Processing row 250/760
Processing row 300/760
Processing row 350/760
Processing row 400/760
Processing row 450/760
Processing row 500/760
Processing row 550/760
Processing row 600/760
Processing row 650/760
Processing row 700/760
Processing row 750/760
R-band magnitude calculation completed!
Filter used: bessell-R
Magnitude range: 22.32 to 26.81
Distance modulus: 31.09 mag
Total R-band magnitude   : 12.398 mag (AB)
Total R-band luminosity  : 9.470 log10(L☉)
Total stellar mass (R)   : 9.540 log10(M☉)
Saved extended file to /arc/home/RongjunHuang/ICRAR/extended/NGC4330_SPATIAL_BINNING_maps_extended.fits
M/L_R layer saved ➜ /arc/home/RongjunHuang/ICRAR/extended/NGC4330_SPATIAL_BINNING_maps_extended.fits
Stellar-mass layer saved ➜ /arc/home/RongjunHuang/ICRAR/extended/NGC4330_SPATIAL_BINNING_maps_extended.fits
Inclination correction DISABLED: using ba_factor = 1.0
Stellar mass surface density layer saved ➜ /arc/home/RongjunHuang/ICRAR/extended/NGC4330_SPATIAL_BINNING_maps_extended.fits
r-band magnitude layer saved ➜ /arc/home/RongjunHuang/ICRAR/extended/NGC4330_SPATIAL_BINNING_maps_extended.fits
r-band uncorrected magnitude layer saved ➜ /arc/home/RongjunHuang/ICRAR/extended/NGC4330_SPATIAL_BINNING_maps_extended.fits
✅  NGC4330 finished in 7m11s
