
=== Using the following files ===
Cube         : /arc/projects/mauve/cubes/v3.0/NGC4192_DATACUBE_FINAL_WCS_Pall_mad_red_v3.fits
Binning map  : /arc/projects/mauve/products/v0.6/NGC4192/NGC4192_SPATIAL_BINNING_maps.fits
SFH map      : /arc/projects/mauve/products/v0.6/NGC4192/NGC4192_SFH_maps.fits
Weights      : /arc/projects/mauve/products/v0.6/NGC4192/NGC4192_sfh-weights.fits
Photometry   : BaSTI+Chabrier.dat
Output       : NGC4192_SPATIAL_BINNING_maps_extended.fits 

Loading: /arc/projects/mauve/products/v0.6/NGC4192/NGC4192_SPATIAL_BINNING_maps.fits
Filename: /arc/projects/mauve/products/v0.6/NGC4192/NGC4192_SPATIAL_BINNING_maps.fits
No.    Name      Ver    Type      Cards   Dimensions   Format
  0  PRIMARY       1 PrimaryHDU       4   ()      
  1  BINID         1 ImageHDU        26   (1092, 1629)   float64   
  2  FLUX          1 ImageHDU        26   (1092, 1629)   float64   
  3  SNR           1 ImageHDU        26   (1092, 1629)   float64   
  4  SNRBIN        1 ImageHDU        26   (1092, 1629)   float64   
  5  XBIN          1 ImageHDU        26   (1092, 1629)   float64   
  6  YBIN          1 ImageHDU        26   (1092, 1629)   float64   
None
Loading: /arc/projects/mauve/products/v0.6/NGC4192/NGC4192_sfh-weights.fits
Filename: /arc/projects/mauve/products/v0.6/NGC4192/NGC4192_sfh-weights.fits
No.    Name      Ver    Type      Cards   Dimensions   Format
  0  PRIMARY       1 PrimaryHDU      23   ()      
  1  WEIGHTS       1 BinTableHDU     27   34433R x 1C   [477D]   
  2  GRID          1 BinTableHDU     31   477R x 3C   [D, D, D]   
/arc/home/RongjunHuang/ICRAR/extended/Mass.py:308: RuntimeWarning: invalid value encountered in cast
  BINID   = BINID_f32.astype(np.int32)   # safe: all finite →
None
Loaded 636 out of 636 rows of data from BaSTI+Chabrier.dat
Loading: /arc/projects/mauve/cubes/v3.0/NGC4192_DATACUBE_FINAL_WCS_Pall_mad_red_v3.fits
Computing AB magnitudes for each spaxel...
Processing row 0/1629
Processing row 50/1629
Processing row 100/1629
Processing row 150/1629
Processing row 200/1629
Processing row 250/1629
Processing row 300/1629
Processing row 350/1629
Processing row 400/1629
Processing row 450/1629
Processing row 500/1629
Processing row 550/1629
Processing row 600/1629
Processing row 650/1629
Processing row 700/1629
Processing row 750/1629
Processing row 800/1629
Processing row 850/1629
Processing row 900/1629
Processing row 950/1629
Processing row 1000/1629
Processing row 1050/1629
Processing row 1100/1629
Processing row 1150/1629
Processing row 1200/1629
Processing row 1250/1629
Processing row 1300/1629
Processing row 1350/1629
Processing row 1400/1629
Processing row 1450/1629
Processing row 1500/1629
Processing row 1550/1629
Processing row 1600/1629
R-band magnitude calculation completed!
Filter used: bessell-R
Magnitude range: 17.29 to 25.64
Distance modulus: 31.09 mag
Total R-band magnitude   : 10.043 mag (AB)
Total R-band luminosity  : 10.433 log10(L☉)
Total stellar mass (R)   : 10.761 log10(M☉)
Saved extended file to /arc/home/RongjunHuang/ICRAR/extended/NGC4192_SPATIAL_BINNING_maps_extended.fits
M/L_R layer saved ➜ /arc/home/RongjunHuang/ICRAR/extended/NGC4192_SPATIAL_BINNING_maps_extended.fits
Stellar-mass layer saved ➜ /arc/home/RongjunHuang/ICRAR/extended/NGC4192_SPATIAL_BINNING_maps_extended.fits
Inclination correction DISABLED: using ba_factor = 1.0
Stellar mass surface density layer saved ➜ /arc/home/RongjunHuang/ICRAR/extended/NGC4192_SPATIAL_BINNING_maps_extended.fits
r-band magnitude layer saved ➜ /arc/home/RongjunHuang/ICRAR/extended/NGC4192_SPATIAL_BINNING_maps_extended.fits
r-band uncorrected magnitude layer saved ➜ /arc/home/RongjunHuang/ICRAR/extended/NGC4192_SPATIAL_BINNING_maps_extended.fits
✅  NGC4192 finished in 18m10s
