
=== Using the following files ===
Cube         : /arc/projects/mauve/cubes/v3.0/NGC4396_DATACUBE_FINAL_WCS_Pall_mad_red_v3.fits
Binning map  : /arc/projects/mauve/products/v0.6/NGC4396/NGC4396_SPATIAL_BINNING_maps.fits
SFH map      : /arc/projects/mauve/products/v0.6/NGC4396/NGC4396_SFH_maps.fits
Weights      : /arc/projects/mauve/products/v0.6/NGC4396/NGC4396_sfh-weights.fits
Photometry   : BaSTI+Chabrier.dat
Output       : NGC4396_SPATIAL_BINNING_maps_extended.fits 

Loading: /arc/projects/mauve/products/v0.6/NGC4396/NGC4396_SPATIAL_BINNING_maps.fits
Filename: /arc/projects/mauve/products/v0.6/NGC4396/NGC4396_SPATIAL_BINNING_maps.fits
No.    Name      Ver    Type      Cards   Dimensions   Format
  0  PRIMARY       1 PrimaryHDU       4   ()      
  1  BINID         1 ImageHDU        26   (883, 755)   float64   
  2  FLUX          1 ImageHDU        26   (883, 755)   float64   
  3  SNR           1 ImageHDU        26   (883, 755)   float64   
  4  SNRBIN        1 ImageHDU        26   (883, 755)   float64   
  5  XBIN          1 ImageHDU        26   (883, 755)   float64   
  6  YBIN          1 ImageHDU        26   (883, 755)   float64   
None
Loading: /arc/projects/mauve/products/v0.6/NGC4396/NGC4396_sfh-weights.fits
Filename: /arc/projects/mauve/products/v0.6/NGC4396/NGC4396_sfh-weights.fits
No.    Name      Ver    Type      Cards   Dimensions   Format
  0  PRIMARY       1 PrimaryHDU      23   ()      
  1  WEIGHTS       1 BinTableHDU     27   2338R x 1C   [477D]   
  2  GRID          1 BinTableHDU     31   477R x 3C   [D, D, D]   
/arc/home/RongjunHuang/.conda/envs/ICRAR/lib/python3.13/site-packages/speclite/filters.py:1119: RuntimeWarning: invalid value encountered in log10
  return -2.5 * np.log10(maggies)
/arc/home/RongjunHuang/ICRAR/extended/Mass.py:308: RuntimeWarning: invalid value encountered in cast
  BINID   = BINID_f32.astype(np.int32)   # safe: all finite →
None
Loaded 636 out of 636 rows of data from BaSTI+Chabrier.dat
Loading: /arc/projects/mauve/cubes/v3.0/NGC4396_DATACUBE_FINAL_WCS_Pall_mad_red_v3.fits
Computing AB magnitudes for each spaxel...
Processing row 0/755
Processing row 50/755
Processing row 100/755
Processing row 150/755
Processing row 200/755
Processing row 250/755
Processing row 300/755
Processing row 350/755
Processing row 400/755
Processing row 450/755
Processing row 500/755
Processing row 550/755
Processing row 600/755
Processing row 650/755
Processing row 700/755
Processing row 750/755
R-band magnitude calculation completed!
Filter used: bessell-R
Magnitude range: 17.83 to 26.63
Distance modulus: 31.09 mag
Total R-band magnitude   : 12.377 mag (AB)
Total R-band luminosity  : 9.448 log10(L☉)
Total stellar mass (R)   : 9.396 log10(M☉)
Saved extended file to /arc/home/RongjunHuang/ICRAR/extended/NGC4396_SPATIAL_BINNING_maps_extended.fits
M/L_R layer saved ➜ /arc/home/RongjunHuang/ICRAR/extended/NGC4396_SPATIAL_BINNING_maps_extended.fits
Stellar-mass layer saved ➜ /arc/home/RongjunHuang/ICRAR/extended/NGC4396_SPATIAL_BINNING_maps_extended.fits
Galaxy NGC4396 inclination: 83.0° (cos θ = 0.122)
Inclination correction ENABLED: applying b/a = 0.233 (adopting intrinsic thickness q₀ = 0.2 for disc galaxy)
Stellar mass surface density layer saved ➜ /arc/home/RongjunHuang/ICRAR/extended/NGC4396_SPATIAL_BINNING_maps_extended.fits
r-band magnitude layer saved ➜ /arc/home/RongjunHuang/ICRAR/extended/NGC4396_SPATIAL_BINNING_maps_extended.fits
r-band uncorrected magnitude layer saved ➜ /arc/home/RongjunHuang/ICRAR/extended/NGC4396_SPATIAL_BINNING_maps_extended.fits
✅  NGC4396 finished in 9m4s
