
=== Using the following files ===
Cube         : /arc/projects/mauve/cubes/v3.0/NGC4419_DATACUBE_FINAL_WCS_Pall_mad_red_v3.fits
Binning map  : /arc/projects/mauve/products/v0.6/NGC4419/NGC4419_SPATIAL_BINNING_maps.fits
SFH map      : /arc/projects/mauve/products/v0.6/NGC4419/NGC4419_SFH_maps.fits
Weights      : /arc/projects/mauve/products/v0.6/NGC4419/NGC4419_sfh-weights.fits
Photometry   : BaSTI+Chabrier.dat
Output       : NGC4419_SPATIAL_BINNING_maps_extended.fits 

Loading: /arc/projects/mauve/products/v0.6/NGC4419/NGC4419_SPATIAL_BINNING_maps.fits
Filename: /arc/projects/mauve/products/v0.6/NGC4419/NGC4419_SPATIAL_BINNING_maps.fits
No.    Name      Ver    Type      Cards   Dimensions   Format
  0  PRIMARY       1 PrimaryHDU       4   ()      
  1  BINID         1 ImageHDU        26   (628, 643)   float64   
  2  FLUX          1 ImageHDU        26   (628, 643)   float64   
  3  SNR           1 ImageHDU        26   (628, 643)   float64   
  4  SNRBIN        1 ImageHDU        26   (628, 643)   float64   
  5  XBIN          1 ImageHDU        26   (628, 643)   float64   
  6  YBIN          1 ImageHDU        26   (628, 643)   float64   
None
Loading: /arc/projects/mauve/products/v0.6/NGC4419/NGC4419_sfh-weights.fits
Filename: /arc/projects/mauve/products/v0.6/NGC4419/NGC4419_sfh-weights.fits
No.    Name      Ver    Type      Cards   Dimensions   Format
  0  PRIMARY       1 PrimaryHDU      23   ()      
  1  WEIGHTS       1 BinTableHDU     27   17291R x 1C   [477D]   
  2  GRID          1 BinTableHDU     31   477R x 3C   [D, D, D]   
/arc/home/RongjunHuang/.conda/envs/ICRAR/lib/python3.13/site-packages/speclite/filters.py:1119: RuntimeWarning: invalid value encountered in log10
  return -2.5 * np.log10(maggies)
/arc/home/RongjunHuang/ICRAR/extended/Mass.py:248: RuntimeWarning: invalid value encountered in cast
  BINID   = BINID_f32.astype(np.int32)   # safe: all finite →
None
Loaded 636 out of 636 rows of data from BaSTI+Chabrier.dat
Loading: /arc/projects/mauve/cubes/v3.0/NGC4419_DATACUBE_FINAL_WCS_Pall_mad_red_v3.fits
Computing AB magnitudes for each spaxel...
Processing row 0/643
Processing row 50/643
Processing row 100/643
Processing row 150/643
Processing row 200/643
Processing row 250/643
Processing row 300/643
Processing row 350/643
Processing row 400/643
Processing row 450/643
Processing row 500/643
Processing row 550/643
Processing row 600/643
R-band magnitude calculation completed!
Filter used: bessell-R
Magnitude range: 18.22 to 26.13
Distance modulus: 31.09 mag
Total R-band magnitude   : 10.874 mag (AB)
Total R-band luminosity  : 10.138 log10(L☉)
Total stellar mass (R)   : 10.404 log10(M☉)
Saved extended file to /arc/home/RongjunHuang/ICRAR/extended/NGC4419_SPATIAL_BINNING_maps_extended.fits
M/L_R layer saved ➜ /arc/home/RongjunHuang/ICRAR/extended/NGC4419_SPATIAL_BINNING_maps_extended.fits
Stellar-mass layer saved ➜ /arc/home/RongjunHuang/ICRAR/extended/NGC4419_SPATIAL_BINNING_maps_extended.fits
Stellar mass surface density layer saved ➜ /arc/home/RongjunHuang/ICRAR/extended/NGC4419_SPATIAL_BINNING_maps_extended.fits
r-band magnitude layer saved ➜ /arc/home/RongjunHuang/ICRAR/extended/NGC4419_SPATIAL_BINNING_maps_extended.fits
r-band uncorrected magnitude layer saved ➜ /arc/home/RongjunHuang/ICRAR/extended/NGC4419_SPATIAL_BINNING_maps_extended.fits
✅  NGC4419 finished in 4m7s
